Using pre-set license
Built from '2022.3/staging' branch; Version is '2022.3.47f1 (88c277b85d21) revision 8962679'; Using compiler version '192829333'; Build Type 'Release'
OS: 'Windows 11  (10.0.22631) 64bit Core' Language: 'es' Physical Memory: 32471 MB
BatchMode: 1, IsHumanControllingUs: 0, StartBugReporterOnCrash: 0, Is64bit: 1, IsPro: 1

COMMAND LINE ARGUMENTS:
C:\Program Files\Unity\Hub\Editor\2022.3.47f1\Editor\Unity.exe
-adb2
-batchMode
-noUpm
-name
AssetImportWorker0
-projectPath
C:/Users/user/OneDrive/Desktop/DOWNWELL/DEIM_P01_Barrera_Gomez_MariNieves
-logFile
Logs/AssetImportWorker0.log
-srvPort
57902
Successfully changed project path to: C:/Users/user/OneDrive/Desktop/DOWNWELL/DEIM_P01_Barrera_Gomez_MariNieves
C:/Users/user/OneDrive/Desktop/DOWNWELL/DEIM_P01_Barrera_Gomez_MariNieves
[UnityMemory] Configuration Parameters - Can be set up in boot.config
    "memorysetup-bucket-allocator-granularity=16"
    "memorysetup-bucket-allocator-bucket-count=8"
    "memorysetup-bucket-allocator-block-size=33554432"
    "memorysetup-bucket-allocator-block-count=8"
    "memorysetup-main-allocator-block-size=16777216"
    "memorysetup-thread-allocator-block-size=16777216"
    "memorysetup-gfx-main-allocator-block-size=16777216"
    "memorysetup-gfx-thread-allocator-block-size=16777216"
    "memorysetup-cache-allocator-block-size=4194304"
    "memorysetup-typetree-allocator-block-size=2097152"
    "memorysetup-profiler-bucket-allocator-granularity=16"
    "memorysetup-profiler-bucket-allocator-bucket-count=8"
    "memorysetup-profiler-bucket-allocator-block-size=33554432"
    "memorysetup-profiler-bucket-allocator-block-count=8"
    "memorysetup-profiler-allocator-block-size=16777216"
    "memorysetup-profiler-editor-allocator-block-size=1048576"
    "memorysetup-temp-allocator-size-main=16777216"
    "memorysetup-job-temp-allocator-block-size=2097152"
    "memorysetup-job-temp-allocator-block-size-background=1048576"
    "memorysetup-job-temp-allocator-reduction-small-platforms=262144"
    "memorysetup-allocator-temp-initial-block-size-main=262144"
    "memorysetup-allocator-temp-initial-block-size-worker=262144"
    "memorysetup-temp-allocator-size-background-worker=32768"
    "memorysetup-temp-allocator-size-job-worker=262144"
    "memorysetup-temp-allocator-size-preload-manager=33554432"
    "memorysetup-temp-allocator-size-nav-mesh-worker=65536"
    "memorysetup-temp-allocator-size-audio-worker=65536"
    "memorysetup-temp-allocator-size-cloud-worker=32768"
    "memorysetup-temp-allocator-size-gi-baking-worker=262144"
    "memorysetup-temp-allocator-size-gfx=262144"
Player connection [7220]  Target information:

Player connection [7220]  * "[IP] 192.168.1.156 [Port] 0 [Flags] 2 [Guid] 4099598191 [EditorId] 4099598191 [Version] 1048832 [Id] WindowsEditor(7,DESKTOP-UCPCBQU) [Debug] 1 [PackageName] WindowsEditor [ProjectName] Editor" 

Player connection [7220] Host joined multi-casting on [225.0.0.222:54997]...
Player connection [7220] Host joined alternative multi-casting on [225.0.0.222:34997]...
[PhysX] Initialized MultithreadedTaskDispatcher with 20 workers.
Refreshing native plugins compatible for Editor in 26.69 ms, found 4 plugins.
Preloading 0 native plugins for Editor in 0.00 ms.
Initialize engine version: 2022.3.47f1 (88c277b85d21)
[Subsystems] Discovering subsystems at path C:/Program Files/Unity/Hub/Editor/2022.3.47f1/Editor/Data/Resources/UnitySubsystems
[Subsystems] Discovering subsystems at path C:/Users/user/OneDrive/Desktop/DOWNWELL/DEIM_P01_Barrera_Gomez_MariNieves/Assets
GfxDevice: creating device client; threaded=0; jobified=0
Direct3D:
    Version:  Direct3D 11.0 [level 11.1]
    Renderer: NVIDIA GeForce RTX 4060 Laptop GPU (ID=0x28a0)
    Vendor:   NVIDIA
    VRAM:     7957 MB
    Driver:   32.0.15.6094
Initialize mono
Mono path[0] = 'C:/Program Files/Unity/Hub/Editor/2022.3.47f1/Editor/Data/Managed'
Mono path[1] = 'C:/Program Files/Unity/Hub/Editor/2022.3.47f1/Editor/Data/MonoBleedingEdge/lib/mono/unityjit-win32'
Mono config path = 'C:/Program Files/Unity/Hub/Editor/2022.3.47f1/Editor/Data/MonoBleedingEdge/etc'
Using monoOptions --debugger-agent=transport=dt_socket,embedding=1,server=y,suspend=n,address=127.0.0.1:56088
Begin MonoManager ReloadAssembly
Registering precompiled unity dll's ...
Register platform support module: C:/Program Files/Unity/Hub/Editor/2022.3.47f1/Editor/Data/PlaybackEngines/WindowsStandaloneSupport/UnityEditor.WindowsStandalone.Extensions.dll
Registered in 0.011770 seconds.
- Loaded All Assemblies, in  0.533 seconds
Native extension for WindowsStandalone target not found
Mono: successfully reloaded assembly
- Finished resetting the current domain, in  0.526 seconds
Domain Reload Profiling: 1057ms
	BeginReloadAssembly (166ms)
		ExecutionOrderSort (0ms)
		DisableScriptedObjects (0ms)
		BackupInstance (0ms)
		ReleaseScriptingObjects (0ms)
		CreateAndSetChildDomain (1ms)
	RebuildCommonClasses (46ms)
	RebuildNativeTypeToScriptingClass (14ms)
	initialDomainReloadingComplete (92ms)
	LoadAllAssembliesAndSetupDomain (212ms)
		LoadAssemblies (162ms)
		RebuildTransferFunctionScriptingTraits (0ms)
		AnalyzeDomain (209ms)
			TypeCache.Refresh (207ms)
				TypeCache.ScanAssembly (188ms)
			ScanForSourceGeneratedMonoScriptInfo (1ms)
			ResolveRequiredComponents (1ms)
	FinalizeReload (527ms)
		ReleaseScriptCaches (0ms)
		RebuildScriptCaches (0ms)
		SetupLoadedEditorAssemblies (437ms)
			LogAssemblyErrors (0ms)
			InitializePlatformSupportModulesInManaged (19ms)
			SetLoadedEditorAssemblies (15ms)
			RefreshPlugins (0ms)
			BeforeProcessingInitializeOnLoad (3ms)
			ProcessInitializeOnLoadAttributes (307ms)
			ProcessInitializeOnLoadMethodAttributes (93ms)
			AfterProcessingInitializeOnLoad (0ms)
			EditorAssembliesLoaded (0ms)
		ExecutionOrderSort2 (0ms)
		AwakeInstancesAfterBackupRestoration (0ms)
========================================================================
Worker process is ready to serve import requests
Caller must complete domain reload
Begin MonoManager ReloadAssembly
- Loaded All Assemblies, in  2.829 seconds
Native extension for WindowsStandalone target not found
Package Manager log level set to [2]
[Package Manager] Server::EnsureServerProcessIsRunning -- launch failed, reason: Unity was launched with the -noUpm command-line argument
[Package Manager] UpmClient::Send -- Unable to send message (not connected to UPM process).
[Package Manager] Cannot connect to Unity Package Manager local server
Mono: successfully reloaded assembly
- Finished resetting the current domain, in  1.819 seconds
Domain Reload Profiling: 4641ms
	BeginReloadAssembly (462ms)
		ExecutionOrderSort (0ms)
		DisableScriptedObjects (7ms)
		BackupInstance (0ms)
		ReleaseScriptingObjects (1ms)
		CreateAndSetChildDomain (40ms)
	RebuildCommonClasses (74ms)
	RebuildNativeTypeToScriptingClass (15ms)
	initialDomainReloadingComplete (80ms)
	LoadAllAssembliesAndSetupDomain (2189ms)
		LoadAssemblies (1895ms)
		RebuildTransferFunctionScriptingTraits (0ms)
		AnalyzeDomain (615ms)
			TypeCache.Refresh (505ms)
				TypeCache.ScanAssembly (463ms)
			ScanForSourceGeneratedMonoScriptInfo (84ms)
			ResolveRequiredComponents (23ms)
	FinalizeReload (1820ms)
		ReleaseScriptCaches (0ms)
		RebuildScriptCaches (0ms)
		SetupLoadedEditorAssemblies (1434ms)
			LogAssemblyErrors (0ms)
			InitializePlatformSupportModulesInManaged (14ms)
			SetLoadedEditorAssemblies (11ms)
			RefreshPlugins (0ms)
			BeforeProcessingInitializeOnLoad (197ms)
			ProcessInitializeOnLoadAttributes (970ms)
			ProcessInitializeOnLoadMethodAttributes (228ms)
			AfterProcessingInitializeOnLoad (12ms)
			EditorAssembliesLoaded (1ms)
		ExecutionOrderSort2 (0ms)
		AwakeInstancesAfterBackupRestoration (15ms)
Launched and connected shader compiler UnityShaderCompiler.exe after 0.48 seconds
Refreshing native plugins compatible for Editor in 8.33 ms, found 4 plugins.
Preloading 0 native plugins for Editor in 0.00 ms.
Unloading 5725 Unused Serialized files (Serialized files now loaded: 0)
Unloading 33 unused Assets / (346.8 KB). Loaded Objects now: 6192.
Memory consumption went from 221.1 MB to 220.7 MB.
Total: 5.710800 ms (FindLiveObjects: 0.375100 ms CreateObjectMapping: 0.164500 ms MarkObjects: 4.941000 ms  DeleteObjects: 0.228700 ms)

AssetImportParameters requested are different than current active one (requested -> active):
  custom:container-demuxer-ogg: 62fdf1f143b41e24485cea50d1cbac27 -> 
  custom:video-codec-MediaFoundation-h265: 746d11721c4dcdbdad8f713fa42b33f4 -> 
  custom:video-decoder-ogg-theora: a1e56fd34408186e4bbccfd4996cb3dc -> 
  custom:framework-win-MediaFoundation: 216162199b28c13a410421893ffa2e32 -> 
  custom:CustomObjectIndexerAttribute: 72b91833f83ae208fae7752999fa3104 -> 
  custom:container-demuxer-webm: 4f35f7cbe854078d1ac9338744f61a02 -> 
  custom:container-muxer-webm: aa71ff27fc2769a1b78a27578f13a17b -> 
  custom:video-decoder-webm-vp8: 9c59270c3fd7afecdb556c50c9e8de78 -> 
  custom:SearchIndexIgnoredProperties: e643bd26f0fe6173181afceb89e7c659 -> 
  custom:AudioImporter_EditorPlatform: d09bf68614088b80899f8185d706f6e7 -> 
  custom:video-encoder-webm-vp8: eb34c28f22e8b96e1ab97ce403110664 -> 
  custom:audio-decoder-ogg-vorbis: bf7c407c2cedff20999df2af8eb42d56 -> 
  custom:audio-encoder-webm-vorbis: bf7c407c2cedff20999df2af8eb42d56 -> 
========================================================================
Received Import Request.
  Time since last request: 87660.051436 seconds.
  path: Assets/Scenes
  artifactKey: Guid(891e487b75cd54b4f869cbe4ece98706) Importer(815301076,1909f56bfc062723c751e8b465ee728b)
Start importing Assets/Scenes using Guid(891e487b75cd54b4f869cbe4ece98706) Importer(815301076,1909f56bfc062723c751e8b465ee728b) [PhysX] Initialized MultithreadedTaskDispatcher with 20 workers.
 -> (artifact id: '7b80c055281a7eff179f88991cb7edc0') in 0.004888 seconds
Number of updated asset objects reloaded before import = 0
Number of asset objects unloaded after import = 0
========================================================================
Received Import Request.
  Time since last request: 0.883151 seconds.
  path: Assets/prefabs/LevelPiece
  artifactKey: Guid(5f035a02d79f475489ca57c341e8eefe) Importer(815301076,1909f56bfc062723c751e8b465ee728b)
Start importing Assets/prefabs/LevelPiece using Guid(5f035a02d79f475489ca57c341e8eefe) Importer(815301076,1909f56bfc062723c751e8b465ee728b) [PhysX] Initialized MultithreadedTaskDispatcher with 20 workers.
 -> (artifact id: '2099dd97bd6f2366470299208682c3d1') in 0.000792 seconds
Number of updated asset objects reloaded before import = 0
Number of asset objects unloaded after import = 0
========================================================================
Received Import Request.
  Time since last request: 8.112640 seconds.
  path: Assets/prefabs/LevelPiece/LevelPiece.prefab
  artifactKey: Guid(20247b966929286419014f73a8875bc6) Importer(815301076,1909f56bfc062723c751e8b465ee728b)
Start importing Assets/prefabs/LevelPiece/LevelPiece.prefab using Guid(20247b966929286419014f73a8875bc6) Importer(815301076,1909f56bfc062723c751e8b465ee728b) [PhysX] Initialized MultithreadedTaskDispatcher with 20 workers.
[PhysX] Initialized MultithreadedTaskDispatcher with 20 workers.
 -> (artifact id: '0a64f2522fecbdecb6a386e810a565ef') in 0.400293 seconds
Number of updated asset objects reloaded before import = 0
Number of asset objects unloaded after import = 44
========================================================================
Received Import Request.
  Time since last request: 6.667022 seconds.
  path: Assets/prefabs/LevelPiece/start.prefab
  artifactKey: Guid(79834ae2e2126b647abb987dba0f69f5) Importer(815301076,1909f56bfc062723c751e8b465ee728b)
Start importing Assets/prefabs/LevelPiece/start.prefab using Guid(79834ae2e2126b647abb987dba0f69f5) Importer(815301076,1909f56bfc062723c751e8b465ee728b) [PhysX] Initialized MultithreadedTaskDispatcher with 20 workers.
[PhysX] Initialized MultithreadedTaskDispatcher with 20 workers.
 -> (artifact id: '859a210476d39d1cb2b8a720684393a6') in 0.048944 seconds
Number of updated asset objects reloaded before import = 0
Number of asset objects unloaded after import = 28
========================================================================
Received Import Request.
  Time since last request: 296.898126 seconds.
  path: Assets/sprites
  artifactKey: Guid(06c6d951f818e97469a17274a13196c6) Importer(815301076,1909f56bfc062723c751e8b465ee728b)
Start importing Assets/sprites using Guid(06c6d951f818e97469a17274a13196c6) Importer(815301076,1909f56bfc062723c751e8b465ee728b) [PhysX] Initialized MultithreadedTaskDispatcher with 20 workers.
 -> (artifact id: '0a02efc20f078c388154c6aea2c82406') in 0.003305 seconds
Number of updated asset objects reloaded before import = 0
Number of asset objects unloaded after import = 0
========================================================================
Received Import Request.
  Time since last request: 72.004863 seconds.
  path: Assets/sprites/kenney_pixel-line-platformer
  artifactKey: Guid(757a695af948ce643bfe2d0f31b953a1) Importer(815301076,1909f56bfc062723c751e8b465ee728b)
Start importing Assets/sprites/kenney_pixel-line-platformer using Guid(757a695af948ce643bfe2d0f31b953a1) Importer(815301076,1909f56bfc062723c751e8b465ee728b) [PhysX] Initialized MultithreadedTaskDispatcher with 20 workers.
 -> (artifact id: '05db7dafc231804be1465a50c79c8b7f') in 0.001047 seconds
Number of updated asset objects reloaded before import = 0
Number of asset objects unloaded after import = 0
========================================================================
Received Import Request.
  Time since last request: 1.552052 seconds.
  path: Assets/sprites/kenney_1-bit-platformer-pack
  artifactKey: Guid(c358c999cfc1a40498b16f6eeb3168f6) Importer(815301076,1909f56bfc062723c751e8b465ee728b)
Start importing Assets/sprites/kenney_1-bit-platformer-pack using Guid(c358c999cfc1a40498b16f6eeb3168f6) Importer(815301076,1909f56bfc062723c751e8b465ee728b) [PhysX] Initialized MultithreadedTaskDispatcher with 20 workers.
 -> (artifact id: '85994e5cbd3133ecdf2027d83051fd53') in 0.001659 seconds
Number of updated asset objects reloaded before import = 0
Number of asset objects unloaded after import = 0
========================================================================
Received Import Request.
  Time since last request: 4.380455 seconds.
  path: Assets/sprites/kenney_pixel-line-platformer/Godot source
  artifactKey: Guid(e1e084dbf4cd05140a8e8f1d38815941) Importer(815301076,1909f56bfc062723c751e8b465ee728b)
Start importing Assets/sprites/kenney_pixel-line-platformer/Godot source using Guid(e1e084dbf4cd05140a8e8f1d38815941) Importer(815301076,1909f56bfc062723c751e8b465ee728b) [PhysX] Initialized MultithreadedTaskDispatcher with 20 workers.
 -> (artifact id: '3486673888592a77fa89feb04e2b9522') in 0.000709 seconds
Number of updated asset objects reloaded before import = 0
Number of asset objects unloaded after import = 0
========================================================================
Received Import Request.
  Time since last request: 2.134743 seconds.
  path: Assets/TextMesh Pro
  artifactKey: Guid(f54d1bd14bd3ca042bd867b519fee8cc) Importer(815301076,1909f56bfc062723c751e8b465ee728b)
Start importing Assets/TextMesh Pro using Guid(f54d1bd14bd3ca042bd867b519fee8cc) Importer(815301076,1909f56bfc062723c751e8b465ee728b) [PhysX] Initialized MultithreadedTaskDispatcher with 20 workers.
 -> (artifact id: '40a4b48c99806b00111ac0f8214f8e68') in 0.001501 seconds
Number of updated asset objects reloaded before import = 0
Number of asset objects unloaded after import = 0
========================================================================
Received Import Request.
  Time since last request: 1.793990 seconds.
  path: Assets/sprites/kenney_pixel-line-platformer/Tilemap
  artifactKey: Guid(79914e6bfa3ec7c49aa7976fe100dd26) Importer(815301076,1909f56bfc062723c751e8b465ee728b)
Start importing Assets/sprites/kenney_pixel-line-platformer/Tilemap using Guid(79914e6bfa3ec7c49aa7976fe100dd26) Importer(815301076,1909f56bfc062723c751e8b465ee728b) [PhysX] Initialized MultithreadedTaskDispatcher with 20 workers.
 -> (artifact id: '19fe62dcc4181b9ed0f1c6f1ab862e95') in 0.001013 seconds
Number of updated asset objects reloaded before import = 0
Number of asset objects unloaded after import = 0
========================================================================
Received Import Request.
  Time since last request: 9.832403 seconds.
  path: Assets/sprites/kenney_pixel-line-platformer/Preview.png
  artifactKey: Guid(87208ba92ee9a5740bc83e7f73d8f90e) Importer(815301076,1909f56bfc062723c751e8b465ee728b)
Start importing Assets/sprites/kenney_pixel-line-platformer/Preview.png using Guid(87208ba92ee9a5740bc83e7f73d8f90e) Importer(815301076,1909f56bfc062723c751e8b465ee728b) [PhysX] Initialized MultithreadedTaskDispatcher with 20 workers.
[PhysX] Initialized MultithreadedTaskDispatcher with 20 workers.
 -> (artifact id: 'd1cd7b08f47ea0de00b18c6788c3007a') in 0.072979 seconds
Number of updated asset objects reloaded before import = 0
Number of asset objects unloaded after import = 3
========================================================================
Received Import Request.
  Time since last request: 12.173462 seconds.
  path: Assets/sprites/kenney_1-bit-platformer-pack/Preview.png
  artifactKey: Guid(5b1f672520bfc5b458bac19500a4fa5d) Importer(815301076,1909f56bfc062723c751e8b465ee728b)
Start importing Assets/sprites/kenney_1-bit-platformer-pack/Preview.png using Guid(5b1f672520bfc5b458bac19500a4fa5d) Importer(815301076,1909f56bfc062723c751e8b465ee728b) [PhysX] Initialized MultithreadedTaskDispatcher with 20 workers.
[PhysX] Initialized MultithreadedTaskDispatcher with 20 workers.
 -> (artifact id: 'e547df8805a570812947f9e47f563e71') in 0.025856 seconds
Number of updated asset objects reloaded before import = 0
Number of asset objects unloaded after import = 3
========================================================================
Received Import Request.
  Time since last request: 5.585596 seconds.
  path: Assets/sprites/kenney_1-bit-platformer-pack/Tiles
  artifactKey: Guid(ae797afb25a6a4d45bf8fd60074ad720) Importer(815301076,1909f56bfc062723c751e8b465ee728b)
Start importing Assets/sprites/kenney_1-bit-platformer-pack/Tiles using Guid(ae797afb25a6a4d45bf8fd60074ad720) Importer(815301076,1909f56bfc062723c751e8b465ee728b) [PhysX] Initialized MultithreadedTaskDispatcher with 20 workers.
 -> (artifact id: '61184f47613bdaf948429902a5254b8d') in 0.000834 seconds
Number of updated asset objects reloaded before import = 0
Number of asset objects unloaded after import = 0
========================================================================
Received Import Request.
  Time since last request: 0.738268 seconds.
  path: Assets/sprites/kenney_1-bit-platformer-pack/Tiles/Transparent
  artifactKey: Guid(12b7c2ae59ece6548b83de233b338b2f) Importer(815301076,1909f56bfc062723c751e8b465ee728b)
Start importing Assets/sprites/kenney_1-bit-platformer-pack/Tiles/Transparent using Guid(12b7c2ae59ece6548b83de233b338b2f) Importer(815301076,1909f56bfc062723c751e8b465ee728b) [PhysX] Initialized MultithreadedTaskDispatcher with 20 workers.
 -> (artifact id: 'c10123095b22b0bdd922591eb5495e3c') in 0.000715 seconds
Number of updated asset objects reloaded before import = 0
Number of asset objects unloaded after import = 0
========================================================================
Received Import Request.
  Time since last request: 0.886617 seconds.
  path: Assets/sprites/kenney_1-bit-platformer-pack/Tiles/Default
  artifactKey: Guid(fc9421c99f23dd141a61cdcf0f99e895) Importer(815301076,1909f56bfc062723c751e8b465ee728b)
Start importing Assets/sprites/kenney_1-bit-platformer-pack/Tiles/Default using Guid(fc9421c99f23dd141a61cdcf0f99e895) Importer(815301076,1909f56bfc062723c751e8b465ee728b) [PhysX] Initialized MultithreadedTaskDispatcher with 20 workers.
 -> (artifact id: '4ced9bdeaf2c96d63ae4f05475463131') in 0.000689 seconds
Number of updated asset objects reloaded before import = 0
Number of asset objects unloaded after import = 0
========================================================================
Received Import Request.
  Time since last request: 0.099772 seconds.
  path: Assets/sprites/kenney_1-bit-platformer-pack/Tiles/Default/tile_0000.png
  artifactKey: Guid(ab807932495c97f4dbd0471842237fb3) Importer(815301076,1909f56bfc062723c751e8b465ee728b)
Start importing Assets/sprites/kenney_1-bit-platformer-pack/Tiles/Default/tile_0000.png using Guid(ab807932495c97f4dbd0471842237fb3) Importer(815301076,1909f56bfc062723c751e8b465ee728b) [PhysX] Initialized MultithreadedTaskDispatcher with 20 workers.
[PhysX] Initialized MultithreadedTaskDispatcher with 20 workers.
 -> (artifact id: '12dda19d473290532769e3a3a2ddf17c') in 0.025050 seconds
Number of updated asset objects reloaded before import = 0
Number of asset objects unloaded after import = 3
========================================================================
Received Import Request.
  Time since last request: 0.003609 seconds.
  path: Assets/sprites/kenney_1-bit-platformer-pack/Tiles/Default/tile_0006.png
  artifactKey: Guid(af143b89485dd7940b94ac2cd6504b22) Importer(815301076,1909f56bfc062723c751e8b465ee728b)
Start importing Assets/sprites/kenney_1-bit-platformer-pack/Tiles/Default/tile_0006.png using Guid(af143b89485dd7940b94ac2cd6504b22) Importer(815301076,1909f56bfc062723c751e8b465ee728b) [PhysX] Initialized MultithreadedTaskDispatcher with 20 workers.
[PhysX] Initialized MultithreadedTaskDispatcher with 20 workers.
 -> (artifact id: 'c8059a8e6946e2c2acff95b28f832c52') in 0.030165 seconds
Number of updated asset objects reloaded before import = 0
Number of asset objects unloaded after import = 3
========================================================================
Received Import Request.
  Time since last request: 0.000039 seconds.
  path: Assets/sprites/kenney_1-bit-platformer-pack/Tiles/Default/tile_0013.png
  artifactKey: Guid(1804b7c8ee401ea4dbe075752fa0970f) Importer(815301076,1909f56bfc062723c751e8b465ee728b)
Start importing Assets/sprites/kenney_1-bit-platformer-pack/Tiles/Default/tile_0013.png using Guid(1804b7c8ee401ea4dbe075752fa0970f) Importer(815301076,1909f56bfc062723c751e8b465ee728b) [PhysX] Initialized MultithreadedTaskDispatcher with 20 workers.
[PhysX] Initialized MultithreadedTaskDispatcher with 20 workers.
 -> (artifact id: '9a556a492e0a5466459fea8be9aa9e05') in 0.028707 seconds
Number of updated asset objects reloaded before import = 0
Number of asset objects unloaded after import = 3
========================================================================
Received Import Request.
  Time since last request: 0.000048 seconds.
  path: Assets/sprites/kenney_1-bit-platformer-pack/Tiles/Default/tile_0007.png
  artifactKey: Guid(cb8d175f1aee0bb4a891269d5617ff4f) Importer(815301076,1909f56bfc062723c751e8b465ee728b)
Start importing Assets/sprites/kenney_1-bit-platformer-pack/Tiles/Default/tile_0007.png using Guid(cb8d175f1aee0bb4a891269d5617ff4f) Importer(815301076,1909f56bfc062723c751e8b465ee728b) [PhysX] Initialized MultithreadedTaskDispatcher with 20 workers.
[PhysX] Initialized MultithreadedTaskDispatcher with 20 workers.
 -> (artifact id: '60d9ce658152372302a414c97d75e7e9') in 0.023618 seconds
Number of updated asset objects reloaded before import = 0
Number of asset objects unloaded after import = 3
========================================================================
Received Import Request.
  Time since last request: 0.000036 seconds.
  path: Assets/sprites/kenney_1-bit-platformer-pack/Tiles/Default/tile_0017.png
  artifactKey: Guid(b9989520152699d4a86ce8684ab203e0) Importer(815301076,1909f56bfc062723c751e8b465ee728b)
Start importing Assets/sprites/kenney_1-bit-platformer-pack/Tiles/Default/tile_0017.png using Guid(b9989520152699d4a86ce8684ab203e0) Importer(815301076,1909f56bfc062723c751e8b465ee728b) [PhysX] Initialized MultithreadedTaskDispatcher with 20 workers.
[PhysX] Initialized MultithreadedTaskDispatcher with 20 workers.
 -> (artifact id: '9ec8c9987a015c601ed9114712fe0fe3') in 0.028602 seconds
Number of updated asset objects reloaded before import = 0
Number of asset objects unloaded after import = 3
========================================================================
Received Import Request.
  Time since last request: 0.000035 seconds.
  path: Assets/sprites/kenney_1-bit-platformer-pack/Tiles/Default/tile_0012.png
  artifactKey: Guid(f0ff5e642a056d242bdcc1ce6939a673) Importer(815301076,1909f56bfc062723c751e8b465ee728b)
Start importing Assets/sprites/kenney_1-bit-platformer-pack/Tiles/Default/tile_0012.png using Guid(f0ff5e642a056d242bdcc1ce6939a673) Importer(815301076,1909f56bfc062723c751e8b465ee728b) [PhysX] Initialized MultithreadedTaskDispatcher with 20 workers.
[PhysX] Initialized MultithreadedTaskDispatcher with 20 workers.
 -> (artifact id: '7c59f1a3abc121cff798fc65d71bb753') in 0.034389 seconds
Number of updated asset objects reloaded before import = 0
Number of asset objects unloaded after import = 3
========================================================================
Received Import Request.
  Time since last request: 0.000037 seconds.
  path: Assets/sprites/kenney_1-bit-platformer-pack/Tiles/Default/tile_0011.png
  artifactKey: Guid(962ebe678ce1b0e48919f0b1e1da1675) Importer(815301076,1909f56bfc062723c751e8b465ee728b)
Start importing Assets/sprites/kenney_1-bit-platformer-pack/Tiles/Default/tile_0011.png using Guid(962ebe678ce1b0e48919f0b1e1da1675) Importer(815301076,1909f56bfc062723c751e8b465ee728b) [PhysX] Initialized MultithreadedTaskDispatcher with 20 workers.
[PhysX] Initialized MultithreadedTaskDispatcher with 20 workers.
 -> (artifact id: '4f7d75876adf0c7a492474f68a92fdc3') in 0.027550 seconds
Number of updated asset objects reloaded before import = 0
Number of asset objects unloaded after import = 3
========================================================================
Received Import Request.
  Time since last request: 0.000041 seconds.
  path: Assets/sprites/kenney_1-bit-platformer-pack/Tiles/Default/tile_0016.png
  artifactKey: Guid(068e69fb63ce1a84399a3eb38f5e6867) Importer(815301076,1909f56bfc062723c751e8b465ee728b)
Start importing Assets/sprites/kenney_1-bit-platformer-pack/Tiles/Default/tile_0016.png using Guid(068e69fb63ce1a84399a3eb38f5e6867) Importer(815301076,1909f56bfc062723c751e8b465ee728b) [PhysX] Initialized MultithreadedTaskDispatcher with 20 workers.
[PhysX] Initialized MultithreadedTaskDispatcher with 20 workers.
 -> (artifact id: '71cba389859194b4f64b4456d7be1a29') in 0.043249 seconds
Number of updated asset objects reloaded before import = 0
Number of asset objects unloaded after import = 3
========================================================================
Received Import Request.
  Time since last request: 0.000048 seconds.
  path: Assets/sprites/kenney_1-bit-platformer-pack/Tiles/Default/tile_0009.png
  artifactKey: Guid(40440bd3816b7db4799d675e1cf28451) Importer(815301076,1909f56bfc062723c751e8b465ee728b)
Start importing Assets/sprites/kenney_1-bit-platformer-pack/Tiles/Default/tile_0009.png using Guid(40440bd3816b7db4799d675e1cf28451) Importer(815301076,1909f56bfc062723c751e8b465ee728b) [PhysX] Initialized MultithreadedTaskDispatcher with 20 workers.
[PhysX] Initialized MultithreadedTaskDispatcher with 20 workers.
 -> (artifact id: '6df35839786cf297d9d962111ae09275') in 0.032694 seconds
Number of updated asset objects reloaded before import = 0
Number of asset objects unloaded after import = 3
Editor requested this worker to shutdown with reason: Scaling down because of idle timeout
TcpMessagingSession - receive error: operation aborted. errorcode: 995, details: La operación de E/S se anuló por una salida de subproceso o por una solicitud de aplicación.
AssetImportWorker is now disconnected from the server
Process exiting
Exiting without the bug reporter. Application will terminate with return code 0