Using pre-set license
Built from '2022.3/staging' branch; Version is '2022.3.47f1 (88c277b85d21) revision 8962679'; Using compiler version '192829333'; Build Type 'Release'
OS: 'Windows 11  (10.0.22631) 64bit Core' Language: 'es' Physical Memory: 32471 MB
BatchMode: 1, IsHumanControllingUs: 0, StartBugReporterOnCrash: 0, Is64bit: 1, IsPro: 1

COMMAND LINE ARGUMENTS:
C:\Program Files\Unity\Hub\Editor\2022.3.47f1\Editor\Unity.exe
-adb2
-batchMode
-noUpm
-name
AssetImportWorker0
-projectPath
C:/Users/user/OneDrive/Desktop/DOWNWELL/DEIM_P01_Barrera_Gomez_MariNieves
-logFile
Logs/AssetImportWorker0.log
-srvPort
54959
Successfully changed project path to: C:/Users/user/OneDrive/Desktop/DOWNWELL/DEIM_P01_Barrera_Gomez_MariNieves
C:/Users/user/OneDrive/Desktop/DOWNWELL/DEIM_P01_Barrera_Gomez_MariNieves
[UnityMemory] Configuration Parameters - Can be set up in boot.config
    "memorysetup-bucket-allocator-granularity=16"
    "memorysetup-bucket-allocator-bucket-count=8"
    "memorysetup-bucket-allocator-block-size=33554432"
    "memorysetup-bucket-allocator-block-count=8"
    "memorysetup-main-allocator-block-size=16777216"
    "memorysetup-thread-allocator-block-size=16777216"
    "memorysetup-gfx-main-allocator-block-size=16777216"
    "memorysetup-gfx-thread-allocator-block-size=16777216"
    "memorysetup-cache-allocator-block-size=4194304"
    "memorysetup-typetree-allocator-block-size=2097152"
    "memorysetup-profiler-bucket-allocator-granularity=16"
    "memorysetup-profiler-bucket-allocator-bucket-count=8"
    "memorysetup-profiler-bucket-allocator-block-size=33554432"
    "memorysetup-profiler-bucket-allocator-block-count=8"
    "memorysetup-profiler-allocator-block-size=16777216"
    "memorysetup-profiler-editor-allocator-block-size=1048576"
    "memorysetup-temp-allocator-size-main=16777216"
    "memorysetup-job-temp-allocator-block-size=2097152"
    "memorysetup-job-temp-allocator-block-size-background=1048576"
    "memorysetup-job-temp-allocator-reduction-small-platforms=262144"
    "memorysetup-allocator-temp-initial-block-size-main=262144"
    "memorysetup-allocator-temp-initial-block-size-worker=262144"
    "memorysetup-temp-allocator-size-background-worker=32768"
    "memorysetup-temp-allocator-size-job-worker=262144"
    "memorysetup-temp-allocator-size-preload-manager=33554432"
    "memorysetup-temp-allocator-size-nav-mesh-worker=65536"
    "memorysetup-temp-allocator-size-audio-worker=65536"
    "memorysetup-temp-allocator-size-cloud-worker=32768"
    "memorysetup-temp-allocator-size-gi-baking-worker=262144"
    "memorysetup-temp-allocator-size-gfx=262144"
Player connection [3552]  Target information:

Player connection [3552]  * "[IP] 192.168.1.156 [Port] 0 [Flags] 2 [Guid] 986185960 [EditorId] 986185960 [Version] 1048832 [Id] WindowsEditor(7,DESKTOP-UCPCBQU) [Debug] 1 [PackageName] WindowsEditor [ProjectName] Editor" 

Player connection [3552] Host joined multi-casting on [225.0.0.222:54997]...
Player connection [3552] Host joined alternative multi-casting on [225.0.0.222:34997]...
[PhysX] Initialized MultithreadedTaskDispatcher with 20 workers.
Refreshing native plugins compatible for Editor in 19.38 ms, found 4 plugins.
Preloading 0 native plugins for Editor in 0.00 ms.
Initialize engine version: 2022.3.47f1 (88c277b85d21)
[Subsystems] Discovering subsystems at path C:/Program Files/Unity/Hub/Editor/2022.3.47f1/Editor/Data/Resources/UnitySubsystems
[Subsystems] Discovering subsystems at path C:/Users/user/OneDrive/Desktop/DOWNWELL/DEIM_P01_Barrera_Gomez_MariNieves/Assets
GfxDevice: creating device client; threaded=0; jobified=0
Direct3D:
    Version:  Direct3D 11.0 [level 11.1]
    Renderer: NVIDIA GeForce RTX 4060 Laptop GPU (ID=0x28a0)
    Vendor:   NVIDIA
    VRAM:     7957 MB
    Driver:   32.0.15.6094
Initialize mono
Mono path[0] = 'C:/Program Files/Unity/Hub/Editor/2022.3.47f1/Editor/Data/Managed'
Mono path[1] = 'C:/Program Files/Unity/Hub/Editor/2022.3.47f1/Editor/Data/MonoBleedingEdge/lib/mono/unityjit-win32'
Mono config path = 'C:/Program Files/Unity/Hub/Editor/2022.3.47f1/Editor/Data/MonoBleedingEdge/etc'
Using monoOptions --debugger-agent=transport=dt_socket,embedding=1,server=y,suspend=n,address=127.0.0.1:56908
Begin MonoManager ReloadAssembly
Registering precompiled unity dll's ...
Register platform support module: C:/Program Files/Unity/Hub/Editor/2022.3.47f1/Editor/Data/PlaybackEngines/WindowsStandaloneSupport/UnityEditor.WindowsStandalone.Extensions.dll
Registered in 0.011191 seconds.
- Loaded All Assemblies, in  0.542 seconds
Native extension for WindowsStandalone target not found
Mono: successfully reloaded assembly
- Finished resetting the current domain, in  0.450 seconds
Domain Reload Profiling: 990ms
	BeginReloadAssembly (166ms)
		ExecutionOrderSort (0ms)
		DisableScriptedObjects (0ms)
		BackupInstance (0ms)
		ReleaseScriptingObjects (0ms)
		CreateAndSetChildDomain (1ms)
	RebuildCommonClasses (54ms)
	RebuildNativeTypeToScriptingClass (18ms)
	initialDomainReloadingComplete (94ms)
	LoadAllAssembliesAndSetupDomain (208ms)
		LoadAssemblies (163ms)
		RebuildTransferFunctionScriptingTraits (0ms)
		AnalyzeDomain (205ms)
			TypeCache.Refresh (203ms)
				TypeCache.ScanAssembly (182ms)
			ScanForSourceGeneratedMonoScriptInfo (1ms)
			ResolveRequiredComponents (1ms)
	FinalizeReload (450ms)
		ReleaseScriptCaches (0ms)
		RebuildScriptCaches (0ms)
		SetupLoadedEditorAssemblies (372ms)
			LogAssemblyErrors (0ms)
			InitializePlatformSupportModulesInManaged (18ms)
			SetLoadedEditorAssemblies (10ms)
			RefreshPlugins (0ms)
			BeforeProcessingInitializeOnLoad (4ms)
			ProcessInitializeOnLoadAttributes (258ms)
			ProcessInitializeOnLoadMethodAttributes (82ms)
			AfterProcessingInitializeOnLoad (0ms)
			EditorAssembliesLoaded (0ms)
		ExecutionOrderSort2 (0ms)
		AwakeInstancesAfterBackupRestoration (0ms)
========================================================================
Worker process is ready to serve import requests
Caller must complete domain reload
Begin MonoManager ReloadAssembly
- Loaded All Assemblies, in  4.051 seconds
Native extension for WindowsStandalone target not found
Package Manager log level set to [2]
[Package Manager] Server::EnsureServerProcessIsRunning -- launch failed, reason: Unity was launched with the -noUpm command-line argument
[Package Manager] UpmClient::Send -- Unable to send message (not connected to UPM process).
[Package Manager] Cannot connect to Unity Package Manager local server
Mono: successfully reloaded assembly
- Finished resetting the current domain, in  3.928 seconds
Domain Reload Profiling: 7975ms
	BeginReloadAssembly (471ms)
		ExecutionOrderSort (0ms)
		DisableScriptedObjects (8ms)
		BackupInstance (0ms)
		ReleaseScriptingObjects (0ms)
		CreateAndSetChildDomain (28ms)
	RebuildCommonClasses (57ms)
	RebuildNativeTypeToScriptingClass (18ms)
	initialDomainReloadingComplete (63ms)
	LoadAllAssembliesAndSetupDomain (3437ms)
		LoadAssemblies (2201ms)
		RebuildTransferFunctionScriptingTraits (0ms)
		AnalyzeDomain (1575ms)
			TypeCache.Refresh (1327ms)
				TypeCache.ScanAssembly (1216ms)
			ScanForSourceGeneratedMonoScriptInfo (172ms)
			ResolveRequiredComponents (71ms)
	FinalizeReload (3929ms)
		ReleaseScriptCaches (0ms)
		RebuildScriptCaches (0ms)
		SetupLoadedEditorAssemblies (3082ms)
			LogAssemblyErrors (0ms)
			InitializePlatformSupportModulesInManaged (26ms)
			SetLoadedEditorAssemblies (16ms)
			RefreshPlugins (0ms)
			BeforeProcessingInitializeOnLoad (491ms)
			ProcessInitializeOnLoadAttributes (2261ms)
			ProcessInitializeOnLoadMethodAttributes (280ms)
			AfterProcessingInitializeOnLoad (8ms)
			EditorAssembliesLoaded (0ms)
		ExecutionOrderSort2 (0ms)
		AwakeInstancesAfterBackupRestoration (9ms)
Launched and connected shader compiler UnityShaderCompiler.exe after 0.26 seconds
Refreshing native plugins compatible for Editor in 5.69 ms, found 4 plugins.
Preloading 0 native plugins for Editor in 0.00 ms.
Unloading 5725 Unused Serialized files (Serialized files now loaded: 0)
Unloading 33 unused Assets / (345.9 KB). Loaded Objects now: 6194.
Memory consumption went from 221.2 MB to 220.9 MB.
Total: 5.434200 ms (FindLiveObjects: 0.430700 ms CreateObjectMapping: 0.198500 ms MarkObjects: 4.606000 ms  DeleteObjects: 0.197300 ms)

AssetImportParameters requested are different than current active one (requested -> active):
  custom:container-demuxer-ogg: 62fdf1f143b41e24485cea50d1cbac27 -> 
  custom:video-codec-MediaFoundation-h265: 746d11721c4dcdbdad8f713fa42b33f4 -> 
  custom:video-decoder-ogg-theora: a1e56fd34408186e4bbccfd4996cb3dc -> 
  custom:framework-win-MediaFoundation: 216162199b28c13a410421893ffa2e32 -> 
  custom:CustomObjectIndexerAttribute: 72b91833f83ae208fae7752999fa3104 -> 
  custom:container-demuxer-webm: 4f35f7cbe854078d1ac9338744f61a02 -> 
  custom:container-muxer-webm: aa71ff27fc2769a1b78a27578f13a17b -> 
  custom:video-decoder-webm-vp8: 9c59270c3fd7afecdb556c50c9e8de78 -> 
  custom:SearchIndexIgnoredProperties: e643bd26f0fe6173181afceb89e7c659 -> 
  custom:AudioImporter_EditorPlatform: d09bf68614088b80899f8185d706f6e7 -> 
  custom:video-encoder-webm-vp8: eb34c28f22e8b96e1ab97ce403110664 -> 
  custom:audio-decoder-ogg-vorbis: bf7c407c2cedff20999df2af8eb42d56 -> 
  custom:audio-encoder-webm-vorbis: bf7c407c2cedff20999df2af8eb42d56 -> 
========================================================================
Received Import Request.
  Time since last request: 151057.262502 seconds.
  path: Assets/prefabs/LevelPiece/LevelPiece 9.prefab
  artifactKey: Guid(f1de2bbb0dbd5e14187d99428f4438b9) Importer(815301076,1909f56bfc062723c751e8b465ee728b)
Start importing Assets/prefabs/LevelPiece/LevelPiece 9.prefab using Guid(f1de2bbb0dbd5e14187d99428f4438b9) Importer(815301076,1909f56bfc062723c751e8b465ee728b) [PhysX] Initialized MultithreadedTaskDispatcher with 20 workers.
[PhysX] Initialized MultithreadedTaskDispatcher with 20 workers.
 -> (artifact id: 'fd25a3627a2708f06024ac180a509c10') in 0.466102 seconds
Number of updated asset objects reloaded before import = 0
Number of asset objects unloaded after import = 40
========================================================================
Received Import Request.
  Time since last request: 1173.556374 seconds.
  path: Assets/sprites/kenney_pixel-line-platformer/Tilemap/tilemap.png
  artifactKey: Guid(f13b7078ddf842e4fb105d282da6814a) Importer(815301076,1909f56bfc062723c751e8b465ee728b)
Start importing Assets/sprites/kenney_pixel-line-platformer/Tilemap/tilemap.png using Guid(f13b7078ddf842e4fb105d282da6814a) Importer(815301076,1909f56bfc062723c751e8b465ee728b) [PhysX] Initialized MultithreadedTaskDispatcher with 20 workers.
[PhysX] Initialized MultithreadedTaskDispatcher with 20 workers.
 -> (artifact id: 'f19c6c2371e4218eadce6d0210f3f0fd') in 0.239924 seconds
Number of updated asset objects reloaded before import = 0
Number of asset objects unloaded after import = 62
========================================================================
Received Import Request.
  Time since last request: 3.189496 seconds.
  path: Assets/sprites/kenney_pixel-line-platformer/Tiles/tile_0000.png
  artifactKey: Guid(1ccd9cbdc1e2cb342b25693dba662c92) Importer(815301076,1909f56bfc062723c751e8b465ee728b)
Start importing Assets/sprites/kenney_pixel-line-platformer/Tiles/tile_0000.png using Guid(1ccd9cbdc1e2cb342b25693dba662c92) Importer(815301076,1909f56bfc062723c751e8b465ee728b) [PhysX] Initialized MultithreadedTaskDispatcher with 20 workers.
[PhysX] Initialized MultithreadedTaskDispatcher with 20 workers.
 -> (artifact id: '4f05aab2eddb3b08d6152aa84474037b') in 0.021959 seconds
Number of updated asset objects reloaded before import = 0
Number of asset objects unloaded after import = 3
========================================================================
Received Import Request.
  Time since last request: 0.007215 seconds.
  path: Assets/sprites/kenney_pixel-line-platformer/Tiles/tile_0003.png
  artifactKey: Guid(a20d2dd6ea1d2924d84384fbaa885eb9) Importer(815301076,1909f56bfc062723c751e8b465ee728b)
Start importing Assets/sprites/kenney_pixel-line-platformer/Tiles/tile_0003.png using Guid(a20d2dd6ea1d2924d84384fbaa885eb9) Importer(815301076,1909f56bfc062723c751e8b465ee728b) [PhysX] Initialized MultithreadedTaskDispatcher with 20 workers.
[PhysX] Initialized MultithreadedTaskDispatcher with 20 workers.
 -> (artifact id: '02f560f9765db046f6e6279ce115014e') in 0.025541 seconds
Number of updated asset objects reloaded before import = 0
Number of asset objects unloaded after import = 3
========================================================================
Received Import Request.
  Time since last request: 0.004263 seconds.
  path: Assets/sprites/kenney_pixel-line-platformer/Tiles/tile_0008.png
  artifactKey: Guid(adab5bc0e1c2178468dcc4a3d494140d) Importer(815301076,1909f56bfc062723c751e8b465ee728b)
Start importing Assets/sprites/kenney_pixel-line-platformer/Tiles/tile_0008.png using Guid(adab5bc0e1c2178468dcc4a3d494140d) Importer(815301076,1909f56bfc062723c751e8b465ee728b) [PhysX] Initialized MultithreadedTaskDispatcher with 20 workers.
[PhysX] Initialized MultithreadedTaskDispatcher with 20 workers.
 -> (artifact id: '76802d7ce041f63e42dac39983d36b57') in 0.026225 seconds
Number of updated asset objects reloaded before import = 0
Number of asset objects unloaded after import = 3
========================================================================
Received Import Request.
  Time since last request: 0.000034 seconds.
  path: Assets/sprites/kenney_pixel-line-platformer/Tiles/tile_0009.png
  artifactKey: Guid(ee35ce4f77147714ea7dd4d0854d0803) Importer(815301076,1909f56bfc062723c751e8b465ee728b)
Start importing Assets/sprites/kenney_pixel-line-platformer/Tiles/tile_0009.png using Guid(ee35ce4f77147714ea7dd4d0854d0803) Importer(815301076,1909f56bfc062723c751e8b465ee728b) [PhysX] Initialized MultithreadedTaskDispatcher with 20 workers.
[PhysX] Initialized MultithreadedTaskDispatcher with 20 workers.
 -> (artifact id: '8962ffcfd1ae037f6677e712f76188eb') in 0.023523 seconds
Number of updated asset objects reloaded before import = 0
Number of asset objects unloaded after import = 3
========================================================================
Received Import Request.
  Time since last request: 0.000030 seconds.
  path: Assets/sprites/kenney_pixel-line-platformer/Tiles/tile_0007.png
  artifactKey: Guid(599225a984debcf42a75fc5f27228f9c) Importer(815301076,1909f56bfc062723c751e8b465ee728b)
Start importing Assets/sprites/kenney_pixel-line-platformer/Tiles/tile_0007.png using Guid(599225a984debcf42a75fc5f27228f9c) Importer(815301076,1909f56bfc062723c751e8b465ee728b) [PhysX] Initialized MultithreadedTaskDispatcher with 20 workers.
[PhysX] Initialized MultithreadedTaskDispatcher with 20 workers.
 -> (artifact id: '0f58928c129e59055b3b687624e196e4') in 0.021626 seconds
Number of updated asset objects reloaded before import = 0
Number of asset objects unloaded after import = 3
========================================================================
Received Import Request.
  Time since last request: 0.684477 seconds.
  path: Assets/sprites/kenney_pixel-line-platformer/Tiles/tile_0010.png
  artifactKey: Guid(210e086cb6f9f764d90177b52f8defd4) Importer(815301076,1909f56bfc062723c751e8b465ee728b)
Start importing Assets/sprites/kenney_pixel-line-platformer/Tiles/tile_0010.png using Guid(210e086cb6f9f764d90177b52f8defd4) Importer(815301076,1909f56bfc062723c751e8b465ee728b) [PhysX] Initialized MultithreadedTaskDispatcher with 20 workers.
[PhysX] Initialized MultithreadedTaskDispatcher with 20 workers.
 -> (artifact id: '7d9e61227e444a4ac3f7f3d65c85f144') in 0.023314 seconds
Number of updated asset objects reloaded before import = 0
Number of asset objects unloaded after import = 3
========================================================================
Received Import Request.
  Time since last request: 0.080006 seconds.
  path: Assets/sprites/kenney_pixel-line-platformer/Tiles/tile_0011.png
  artifactKey: Guid(59b2e5506c5d3ed4cb4853211c9b39c9) Importer(815301076,1909f56bfc062723c751e8b465ee728b)
Start importing Assets/sprites/kenney_pixel-line-platformer/Tiles/tile_0011.png using Guid(59b2e5506c5d3ed4cb4853211c9b39c9) Importer(815301076,1909f56bfc062723c751e8b465ee728b) [PhysX] Initialized MultithreadedTaskDispatcher with 20 workers.
[PhysX] Initialized MultithreadedTaskDispatcher with 20 workers.
 -> (artifact id: '250dcdcb34e49751cb64a288dfb31573') in 0.028253 seconds
Number of updated asset objects reloaded before import = 0
Number of asset objects unloaded after import = 3
========================================================================
Received Import Request.
  Time since last request: 1.910285 seconds.
  path: Assets/sprites/kenney_pixel-line-platformer/Tiles/tile_0012.png
  artifactKey: Guid(6b8662a3e23380b4d908723260d318a3) Importer(815301076,1909f56bfc062723c751e8b465ee728b)
Start importing Assets/sprites/kenney_pixel-line-platformer/Tiles/tile_0012.png using Guid(6b8662a3e23380b4d908723260d318a3) Importer(815301076,1909f56bfc062723c751e8b465ee728b) [PhysX] Initialized MultithreadedTaskDispatcher with 20 workers.
[PhysX] Initialized MultithreadedTaskDispatcher with 20 workers.
 -> (artifact id: '7ef41af54628bff396ad0b9b6ce723e7') in 0.069635 seconds
Number of updated asset objects reloaded before import = 0
Number of asset objects unloaded after import = 3
========================================================================
Received Import Request.
  Time since last request: 0.000034 seconds.
  path: Assets/sprites/kenney_pixel-line-platformer/Tiles/tile_0015.png
  artifactKey: Guid(bd1a8c5c0f0486146a3a8d4c229346e1) Importer(815301076,1909f56bfc062723c751e8b465ee728b)
Start importing Assets/sprites/kenney_pixel-line-platformer/Tiles/tile_0015.png using Guid(bd1a8c5c0f0486146a3a8d4c229346e1) Importer(815301076,1909f56bfc062723c751e8b465ee728b) [PhysX] Initialized MultithreadedTaskDispatcher with 20 workers.
[PhysX] Initialized MultithreadedTaskDispatcher with 20 workers.
 -> (artifact id: '427abd928bea1cd82649ce7c5a85b427') in 0.052562 seconds
Number of updated asset objects reloaded before import = 0
Number of asset objects unloaded after import = 3
========================================================================
Received Import Request.
  Time since last request: 0.000110 seconds.
  path: Assets/sprites/kenney_pixel-line-platformer/Tiles/tile_0019.png
  artifactKey: Guid(b2967ae7d8161af4398e6993c76c44ec) Importer(815301076,1909f56bfc062723c751e8b465ee728b)
Start importing Assets/sprites/kenney_pixel-line-platformer/Tiles/tile_0019.png using Guid(b2967ae7d8161af4398e6993c76c44ec) Importer(815301076,1909f56bfc062723c751e8b465ee728b) [PhysX] Initialized MultithreadedTaskDispatcher with 20 workers.
[PhysX] Initialized MultithreadedTaskDispatcher with 20 workers.
 -> (artifact id: 'ff813b18dac942115d0729c535acb47f') in 0.042557 seconds
Number of updated asset objects reloaded before import = 0
Number of asset objects unloaded after import = 3
========================================================================
Received Import Request.
  Time since last request: 0.000048 seconds.
  path: Assets/sprites/kenney_pixel-line-platformer/Tiles/tile_0014.png
  artifactKey: Guid(958aa2e110d85764b9b14ce8d46543ca) Importer(815301076,1909f56bfc062723c751e8b465ee728b)
Start importing Assets/sprites/kenney_pixel-line-platformer/Tiles/tile_0014.png using Guid(958aa2e110d85764b9b14ce8d46543ca) Importer(815301076,1909f56bfc062723c751e8b465ee728b) [PhysX] Initialized MultithreadedTaskDispatcher with 20 workers.
[PhysX] Initialized MultithreadedTaskDispatcher with 20 workers.
 -> (artifact id: 'bc9a90e153d8aa6dd58ba86765eff935') in 0.011470 seconds
Number of updated asset objects reloaded before import = 0
Number of asset objects unloaded after import = 3
========================================================================
Received Import Request.
  Time since last request: 0.000025 seconds.
  path: Assets/sprites/kenney_pixel-line-platformer/Tiles/tile_0020.png
  artifactKey: Guid(8e79fd8ad2d5b374a88a3ecd7a207580) Importer(815301076,1909f56bfc062723c751e8b465ee728b)
Start importing Assets/sprites/kenney_pixel-line-platformer/Tiles/tile_0020.png using Guid(8e79fd8ad2d5b374a88a3ecd7a207580) Importer(815301076,1909f56bfc062723c751e8b465ee728b) [PhysX] Initialized MultithreadedTaskDispatcher with 20 workers.
[PhysX] Initialized MultithreadedTaskDispatcher with 20 workers.
 -> (artifact id: 'f2694d2f69033726b5c6cb16bb1aa95f') in 0.030389 seconds
Number of updated asset objects reloaded before import = 0
Number of asset objects unloaded after import = 3
========================================================================
Received Import Request.
  Time since last request: 0.000028 seconds.
  path: Assets/sprites/kenney_pixel-line-platformer/Tiles/tile_0016.png
  artifactKey: Guid(3f3ffe9ff5a781e45a32f363c84765de) Importer(815301076,1909f56bfc062723c751e8b465ee728b)
Start importing Assets/sprites/kenney_pixel-line-platformer/Tiles/tile_0016.png using Guid(3f3ffe9ff5a781e45a32f363c84765de) Importer(815301076,1909f56bfc062723c751e8b465ee728b) [PhysX] Initialized MultithreadedTaskDispatcher with 20 workers.
[PhysX] Initialized MultithreadedTaskDispatcher with 20 workers.
 -> (artifact id: '92d6124f4aff7db40451337cbbecc7d9') in 0.033008 seconds
Number of updated asset objects reloaded before import = 0
Number of asset objects unloaded after import = 3
========================================================================
Received Import Request.
  Time since last request: 30.281569 seconds.
  path: Assets/sprites/kenney_pixel-line-platformer/Tiles/tile_0045.png
  artifactKey: Guid(1f1d8af77d6630c45a2d5e80a06d47ff) Importer(815301076,1909f56bfc062723c751e8b465ee728b)
Start importing Assets/sprites/kenney_pixel-line-platformer/Tiles/tile_0045.png using Guid(1f1d8af77d6630c45a2d5e80a06d47ff) Importer(815301076,1909f56bfc062723c751e8b465ee728b) [PhysX] Initialized MultithreadedTaskDispatcher with 20 workers.
[PhysX] Initialized MultithreadedTaskDispatcher with 20 workers.
 -> (artifact id: '43dcbea6463e70281f71053cea5def4e') in 0.034837 seconds
Number of updated asset objects reloaded before import = 0
Number of asset objects unloaded after import = 3
========================================================================
Received Import Request.
  Time since last request: 0.000111 seconds.
  path: Assets/sprites/kenney_pixel-line-platformer/Tiles/tile_0048.png
  artifactKey: Guid(b7276cf1e0a2c4947818a7b30093be93) Importer(815301076,1909f56bfc062723c751e8b465ee728b)
Start importing Assets/sprites/kenney_pixel-line-platformer/Tiles/tile_0048.png using Guid(b7276cf1e0a2c4947818a7b30093be93) Importer(815301076,1909f56bfc062723c751e8b465ee728b) [PhysX] Initialized MultithreadedTaskDispatcher with 20 workers.
[PhysX] Initialized MultithreadedTaskDispatcher with 20 workers.
 -> (artifact id: 'be6c2c9990537d31e58c87a67a0cbaa1') in 0.019003 seconds
Number of updated asset objects reloaded before import = 0
Number of asset objects unloaded after import = 3
========================================================================
Received Import Request.
  Time since last request: 0.011891 seconds.
  path: Assets/sprites/kenney_pixel-line-platformer/Tiles/tile_0054.png
  artifactKey: Guid(5ea74fa7d92fb7548b746585cc0153c2) Importer(815301076,1909f56bfc062723c751e8b465ee728b)
Start importing Assets/sprites/kenney_pixel-line-platformer/Tiles/tile_0054.png using Guid(5ea74fa7d92fb7548b746585cc0153c2) Importer(815301076,1909f56bfc062723c751e8b465ee728b) [PhysX] Initialized MultithreadedTaskDispatcher with 20 workers.
[PhysX] Initialized MultithreadedTaskDispatcher with 20 workers.
 -> (artifact id: 'd39356244fb391dcdcca42a232a4a93e') in 0.021750 seconds
Number of updated asset objects reloaded before import = 0
Number of asset objects unloaded after import = 3
========================================================================
Received Import Request.
  Time since last request: 0.000031 seconds.
  path: Assets/sprites/kenney_pixel-line-platformer/Tiles/tile_0056.png
  artifactKey: Guid(24461c552db42004587d0e58ca2e0927) Importer(815301076,1909f56bfc062723c751e8b465ee728b)
Start importing Assets/sprites/kenney_pixel-line-platformer/Tiles/tile_0056.png using Guid(24461c552db42004587d0e58ca2e0927) Importer(815301076,1909f56bfc062723c751e8b465ee728b) [PhysX] Initialized MultithreadedTaskDispatcher with 20 workers.
[PhysX] Initialized MultithreadedTaskDispatcher with 20 workers.
 -> (artifact id: '443068c3d525e18d0d9b5385c8a2cdf6') in 0.025149 seconds
Number of updated asset objects reloaded before import = 0
Number of asset objects unloaded after import = 3
========================================================================
Received Import Request.
  Time since last request: 0.000037 seconds.
  path: Assets/sprites/kenney_pixel-line-platformer/Tiles/tile_0059.png
  artifactKey: Guid(7278bb9e10c8c6547983e1e6af3924f2) Importer(815301076,1909f56bfc062723c751e8b465ee728b)
Start importing Assets/sprites/kenney_pixel-line-platformer/Tiles/tile_0059.png using Guid(7278bb9e10c8c6547983e1e6af3924f2) Importer(815301076,1909f56bfc062723c751e8b465ee728b) [PhysX] Initialized MultithreadedTaskDispatcher with 20 workers.
[PhysX] Initialized MultithreadedTaskDispatcher with 20 workers.
 -> (artifact id: '4648a053db395738eb22d41b2ca702c4') in 0.022103 seconds
Number of updated asset objects reloaded before import = 0
Number of asset objects unloaded after import = 3
========================================================================
Received Import Request.
  Time since last request: 0.000031 seconds.
  path: Assets/sprites/kenney_pixel-line-platformer/Tiles/tile_0050.png
  artifactKey: Guid(8dc8c311b1c815c4c9605221ee6037b0) Importer(815301076,1909f56bfc062723c751e8b465ee728b)
Start importing Assets/sprites/kenney_pixel-line-platformer/Tiles/tile_0050.png using Guid(8dc8c311b1c815c4c9605221ee6037b0) Importer(815301076,1909f56bfc062723c751e8b465ee728b) [PhysX] Initialized MultithreadedTaskDispatcher with 20 workers.
[PhysX] Initialized MultithreadedTaskDispatcher with 20 workers.
 -> (artifact id: 'f941da93498cbd4f330dbcbfa7379ec8') in 0.022209 seconds
Number of updated asset objects reloaded before import = 0
Number of asset objects unloaded after import = 3
========================================================================
Received Import Request.
  Time since last request: 40.516661 seconds.
  path: Assets/tilemap/kenney_pixel-platformer/SampleB.png
  artifactKey: Guid(a9f34b8709bbfc0448667c477a4b67d0) Importer(815301076,1909f56bfc062723c751e8b465ee728b)
Start importing Assets/tilemap/kenney_pixel-platformer/SampleB.png using Guid(a9f34b8709bbfc0448667c477a4b67d0) Importer(815301076,1909f56bfc062723c751e8b465ee728b) [PhysX] Initialized MultithreadedTaskDispatcher with 20 workers.
[PhysX] Initialized MultithreadedTaskDispatcher with 20 workers.
 -> (artifact id: 'c43e57143448c3d7f3a9c630cd75798e') in 0.037275 seconds
Number of updated asset objects reloaded before import = 0
Number of asset objects unloaded after import = 3
========================================================================
Received Import Request.
  Time since last request: 5.419718 seconds.
  path: Assets/tilemap/kenney_pixel-platformer/Tilemap/tilemap-characters_packed.png
  artifactKey: Guid(7297672e2b5d47349bc73f324620ea0c) Importer(815301076,1909f56bfc062723c751e8b465ee728b)
Start importing Assets/tilemap/kenney_pixel-platformer/Tilemap/tilemap-characters_packed.png using Guid(7297672e2b5d47349bc73f324620ea0c) Importer(815301076,1909f56bfc062723c751e8b465ee728b) [PhysX] Initialized MultithreadedTaskDispatcher with 20 workers.
[PhysX] Initialized MultithreadedTaskDispatcher with 20 workers.
 -> (artifact id: 'e96ce7265d2849bfe4fe1f94545317be') in 0.164702 seconds
Number of updated asset objects reloaded before import = 0
Number of asset objects unloaded after import = 29
========================================================================
Received Import Request.
  Time since last request: 0.000036 seconds.
  path: Assets/tilemap/kenney_pixel-platformer/Tilemap/tilemap_packed_10.asset
  artifactKey: Guid(4328e819e0af50546b97d0ffe56329d3) Importer(815301076,1909f56bfc062723c751e8b465ee728b)
Start importing Assets/tilemap/kenney_pixel-platformer/Tilemap/tilemap_packed_10.asset using Guid(4328e819e0af50546b97d0ffe56329d3) Importer(815301076,1909f56bfc062723c751e8b465ee728b) [PhysX] Initialized MultithreadedTaskDispatcher with 20 workers.
 -> (artifact id: '675c691471dd1f313cb668bd28d935ba') in 0.081191 seconds
Number of updated asset objects reloaded before import = 0
Number of asset objects unloaded after import = 3
========================================================================
Received Import Request.
  Time since last request: 1.025103 seconds.
  path: Assets/tilemap/kenney_pixel-platformer/Tilemap/tilemap_packed_17.asset
  artifactKey: Guid(73655057421707a4582ce33593e17323) Importer(815301076,1909f56bfc062723c751e8b465ee728b)
Start importing Assets/tilemap/kenney_pixel-platformer/Tilemap/tilemap_packed_17.asset using Guid(73655057421707a4582ce33593e17323) Importer(815301076,1909f56bfc062723c751e8b465ee728b) [PhysX] Initialized MultithreadedTaskDispatcher with 20 workers.
 -> (artifact id: 'b12efbdd1a3bed1515263df3464de317') in 0.036468 seconds
Number of updated asset objects reloaded before import = 0
Number of asset objects unloaded after import = 3
========================================================================
Received Import Request.
  Time since last request: 2.373872 seconds.
  path: Assets/tilemap/kenney_pixel-platformer/Tilemap/tilemap_packed_21.asset
  artifactKey: Guid(e712dcad416edb94dad2eb04971ba2e7) Importer(815301076,1909f56bfc062723c751e8b465ee728b)
Start importing Assets/tilemap/kenney_pixel-platformer/Tilemap/tilemap_packed_21.asset using Guid(e712dcad416edb94dad2eb04971ba2e7) Importer(815301076,1909f56bfc062723c751e8b465ee728b) [PhysX] Initialized MultithreadedTaskDispatcher with 20 workers.
 -> (artifact id: 'e7c6769730bf857c227a064bf880a8be') in 0.022153 seconds
Number of updated asset objects reloaded before import = 0
Number of asset objects unloaded after import = 3
========================================================================
Received Import Request.
  Time since last request: 0.331452 seconds.
  path: Assets/tilemap/kenney_pixel-platformer/Tilemap/tilemap_packed_27.asset
  artifactKey: Guid(8047557cd0bf7374fb6fcf5ac0e4ca9b) Importer(815301076,1909f56bfc062723c751e8b465ee728b)
Start importing Assets/tilemap/kenney_pixel-platformer/Tilemap/tilemap_packed_27.asset using Guid(8047557cd0bf7374fb6fcf5ac0e4ca9b) Importer(815301076,1909f56bfc062723c751e8b465ee728b) [PhysX] Initialized MultithreadedTaskDispatcher with 20 workers.
 -> (artifact id: 'ff863be3aa269d5b850ff5c6d4e8680c') in 0.026969 seconds
Number of updated asset objects reloaded before import = 0
Number of asset objects unloaded after import = 3
========================================================================
Received Import Request.
  Time since last request: 0.284369 seconds.
  path: Assets/tilemap/kenney_pixel-platformer/Tilemap/tilemap_packed_33.asset
  artifactKey: Guid(4df2775a63498a74ca082a5f87a63707) Importer(815301076,1909f56bfc062723c751e8b465ee728b)
Start importing Assets/tilemap/kenney_pixel-platformer/Tilemap/tilemap_packed_33.asset using Guid(4df2775a63498a74ca082a5f87a63707) Importer(815301076,1909f56bfc062723c751e8b465ee728b) [PhysX] Initialized MultithreadedTaskDispatcher with 20 workers.
 -> (artifact id: '4d1b450bdcc207fca63a5af7e06dc1ed') in 0.019228 seconds
Number of updated asset objects reloaded before import = 0
Number of asset objects unloaded after import = 3
========================================================================
Received Import Request.
  Time since last request: 0.272945 seconds.
  path: Assets/tilemap/kenney_pixel-platformer/Tilemap/tilemap_packed_39.asset
  artifactKey: Guid(19c7afae4ef5fff479807841d4cb7d3f) Importer(815301076,1909f56bfc062723c751e8b465ee728b)
Start importing Assets/tilemap/kenney_pixel-platformer/Tilemap/tilemap_packed_39.asset using Guid(19c7afae4ef5fff479807841d4cb7d3f) Importer(815301076,1909f56bfc062723c751e8b465ee728b) [PhysX] Initialized MultithreadedTaskDispatcher with 20 workers.
 -> (artifact id: 'cda07af30c88e152e43173069c4fb0ae') in 0.027656 seconds
Number of updated asset objects reloaded before import = 0
Number of asset objects unloaded after import = 3
========================================================================
Received Import Request.
  Time since last request: 0.348632 seconds.
  path: Assets/tilemap/kenney_pixel-platformer/Tilemap/tilemap_packed_45.asset
  artifactKey: Guid(04ea576c09558b648a790550b36705c7) Importer(815301076,1909f56bfc062723c751e8b465ee728b)
Start importing Assets/tilemap/kenney_pixel-platformer/Tilemap/tilemap_packed_45.asset using Guid(04ea576c09558b648a790550b36705c7) Importer(815301076,1909f56bfc062723c751e8b465ee728b) [PhysX] Initialized MultithreadedTaskDispatcher with 20 workers.
 -> (artifact id: '351bcaa21cecfc7ac56ca0c76f6d44d9') in 0.021899 seconds
Number of updated asset objects reloaded before import = 0
Number of asset objects unloaded after import = 3
========================================================================
Received Import Request.
  Time since last request: 0.000027 seconds.
  path: Assets/tilemap/kenney_pixel-platformer/Tilemap/tilemap_packed_48.asset
  artifactKey: Guid(ec63fa621b9a3074cabf678e4085674d) Importer(815301076,1909f56bfc062723c751e8b465ee728b)
Start importing Assets/tilemap/kenney_pixel-platformer/Tilemap/tilemap_packed_48.asset using Guid(ec63fa621b9a3074cabf678e4085674d) Importer(815301076,1909f56bfc062723c751e8b465ee728b) [PhysX] Initialized MultithreadedTaskDispatcher with 20 workers.
 -> (artifact id: '440b735f7c26044fc248f9b3df24af41') in 0.017608 seconds
Number of updated asset objects reloaded before import = 0
Number of asset objects unloaded after import = 3
========================================================================
Received Import Request.
  Time since last request: 0.277851 seconds.
  path: Assets/tilemap/kenney_pixel-platformer/Tilemap/tilemap_packed_53.asset
  artifactKey: Guid(074d13421a13a7f4298f57947b36ed7f) Importer(815301076,1909f56bfc062723c751e8b465ee728b)
Start importing Assets/tilemap/kenney_pixel-platformer/Tilemap/tilemap_packed_53.asset using Guid(074d13421a13a7f4298f57947b36ed7f) Importer(815301076,1909f56bfc062723c751e8b465ee728b) [PhysX] Initialized MultithreadedTaskDispatcher with 20 workers.
 -> (artifact id: 'c6b47c404289b4cb4953df8c6789d406') in 0.022101 seconds
Number of updated asset objects reloaded before import = 0
Number of asset objects unloaded after import = 3
========================================================================
Received Import Request.
  Time since last request: 0.324556 seconds.
  path: Assets/tilemap/kenney_pixel-platformer/Tilemap/tilemap_packed_57.asset
  artifactKey: Guid(5c77712c156aa494e9fa8b3a1e2f1627) Importer(815301076,1909f56bfc062723c751e8b465ee728b)
Start importing Assets/tilemap/kenney_pixel-platformer/Tilemap/tilemap_packed_57.asset using Guid(5c77712c156aa494e9fa8b3a1e2f1627) Importer(815301076,1909f56bfc062723c751e8b465ee728b) [PhysX] Initialized MultithreadedTaskDispatcher with 20 workers.
 -> (artifact id: '3fb90f8fe0faf0fcfbcffb77a1845c73') in 0.020693 seconds
Number of updated asset objects reloaded before import = 0
Number of asset objects unloaded after import = 3
========================================================================
Received Import Request.
  Time since last request: 0.296119 seconds.
  path: Assets/tilemap/kenney_pixel-platformer/Tilemap/tilemap_packed_65.asset
  artifactKey: Guid(3205342944879534492e51addd29dc89) Importer(815301076,1909f56bfc062723c751e8b465ee728b)
Start importing Assets/tilemap/kenney_pixel-platformer/Tilemap/tilemap_packed_65.asset using Guid(3205342944879534492e51addd29dc89) Importer(815301076,1909f56bfc062723c751e8b465ee728b) [PhysX] Initialized MultithreadedTaskDispatcher with 20 workers.
 -> (artifact id: 'e75b87e7ca9a275734de2cf5a035d458') in 0.021602 seconds
Number of updated asset objects reloaded before import = 0
Number of asset objects unloaded after import = 3
========================================================================
Received Import Request.
  Time since last request: 0.322604 seconds.
  path: Assets/tilemap/kenney_pixel-platformer/Tilemap/tilemap_packed_71.asset
  artifactKey: Guid(777bdc4b357515e4d83e00249b3585e8) Importer(815301076,1909f56bfc062723c751e8b465ee728b)
Start importing Assets/tilemap/kenney_pixel-platformer/Tilemap/tilemap_packed_71.asset using Guid(777bdc4b357515e4d83e00249b3585e8) Importer(815301076,1909f56bfc062723c751e8b465ee728b) [PhysX] Initialized MultithreadedTaskDispatcher with 20 workers.
 -> (artifact id: '264eb8835068c7e12ac6e9a7c1a70f29') in 0.021892 seconds
Number of updated asset objects reloaded before import = 0
Number of asset objects unloaded after import = 3
========================================================================
Received Import Request.
  Time since last request: 0.316595 seconds.
  path: Assets/tilemap/kenney_pixel-platformer/Tilemap/tilemap_packed_77.asset
  artifactKey: Guid(103353a51a0e95b48aa1b6b6e49577b9) Importer(815301076,1909f56bfc062723c751e8b465ee728b)
Start importing Assets/tilemap/kenney_pixel-platformer/Tilemap/tilemap_packed_77.asset using Guid(103353a51a0e95b48aa1b6b6e49577b9) Importer(815301076,1909f56bfc062723c751e8b465ee728b) [PhysX] Initialized MultithreadedTaskDispatcher with 20 workers.
 -> (artifact id: 'b18eef829030245e5a9b242bf7fc2218') in 0.020438 seconds
Number of updated asset objects reloaded before import = 0
Number of asset objects unloaded after import = 3
========================================================================
Received Import Request.
  Time since last request: 0.000026 seconds.
  path: Assets/tilemap/kenney_pixel-platformer/Tilemap/tilemap_packed_80.asset
  artifactKey: Guid(20f0a59130ad24440a1f3f7e0a84fb8f) Importer(815301076,1909f56bfc062723c751e8b465ee728b)
Start importing Assets/tilemap/kenney_pixel-platformer/Tilemap/tilemap_packed_80.asset using Guid(20f0a59130ad24440a1f3f7e0a84fb8f) Importer(815301076,1909f56bfc062723c751e8b465ee728b) [PhysX] Initialized MultithreadedTaskDispatcher with 20 workers.
 -> (artifact id: '1a735acfb9524b588b37c2c8c10e1e95') in 0.018985 seconds
Number of updated asset objects reloaded before import = 0
Number of asset objects unloaded after import = 3
========================================================================
Received Import Request.
  Time since last request: 0.267429 seconds.
  path: Assets/tilemap/kenney_pixel-platformer/Tilemap/tilemap_packed_85.asset
  artifactKey: Guid(c9c7008e2bc5a50468e8cd5085641e93) Importer(815301076,1909f56bfc062723c751e8b465ee728b)
Start importing Assets/tilemap/kenney_pixel-platformer/Tilemap/tilemap_packed_85.asset using Guid(c9c7008e2bc5a50468e8cd5085641e93) Importer(815301076,1909f56bfc062723c751e8b465ee728b) [PhysX] Initialized MultithreadedTaskDispatcher with 20 workers.
 -> (artifact id: '18f9446ca17ec95b49bb5b5534f6d30b') in 0.019471 seconds
Number of updated asset objects reloaded before import = 0
Number of asset objects unloaded after import = 3
========================================================================
Received Import Request.
  Time since last request: 0.329519 seconds.
  path: Assets/tilemap/kenney_pixel-platformer/Tilemap/tilemap_packed_93.asset
  artifactKey: Guid(86fbc7fd83a7e3a4ebec1f4f7df08b05) Importer(815301076,1909f56bfc062723c751e8b465ee728b)
Start importing Assets/tilemap/kenney_pixel-platformer/Tilemap/tilemap_packed_93.asset using Guid(86fbc7fd83a7e3a4ebec1f4f7df08b05) Importer(815301076,1909f56bfc062723c751e8b465ee728b) [PhysX] Initialized MultithreadedTaskDispatcher with 20 workers.
 -> (artifact id: '3df6cfe5d4449806b45f5166777e7794') in 0.025466 seconds
Number of updated asset objects reloaded before import = 0
Number of asset objects unloaded after import = 3
========================================================================
Received Import Request.
  Time since last request: 0.311901 seconds.
  path: Assets/tilemap/kenney_pixel-platformer/Tilemap/tilemap_packed_99.asset
  artifactKey: Guid(143f6c2bff4d62245a42b00914058bd4) Importer(815301076,1909f56bfc062723c751e8b465ee728b)
Start importing Assets/tilemap/kenney_pixel-platformer/Tilemap/tilemap_packed_99.asset using Guid(143f6c2bff4d62245a42b00914058bd4) Importer(815301076,1909f56bfc062723c751e8b465ee728b) [PhysX] Initialized MultithreadedTaskDispatcher with 20 workers.
 -> (artifact id: '42d095aa49907ebd06f6f49e0c7ae7f4') in 0.016746 seconds
Number of updated asset objects reloaded before import = 0
Number of asset objects unloaded after import = 3
========================================================================
Received Import Request.
  Time since last request: 0.000045 seconds.
  path: Assets/tilemap/kenney_pixel-platformer/Tilemap/tilemap_packed_103.asset
  artifactKey: Guid(4e6807c1dcd6d59458cb779b2ed0b484) Importer(815301076,1909f56bfc062723c751e8b465ee728b)
Start importing Assets/tilemap/kenney_pixel-platformer/Tilemap/tilemap_packed_103.asset using Guid(4e6807c1dcd6d59458cb779b2ed0b484) Importer(815301076,1909f56bfc062723c751e8b465ee728b) [PhysX] Initialized MultithreadedTaskDispatcher with 20 workers.
 -> (artifact id: '15a449bd50413fdc42b9eb8955319c3c') in 0.016253 seconds
Number of updated asset objects reloaded before import = 0
Number of asset objects unloaded after import = 3
========================================================================
Received Import Request.
  Time since last request: 0.300024 seconds.
  path: Assets/tilemap/kenney_pixel-platformer/Tilemap/tilemap_packed_107.asset
  artifactKey: Guid(ff55c4c92f944f7458011a971c70e146) Importer(815301076,1909f56bfc062723c751e8b465ee728b)
Start importing Assets/tilemap/kenney_pixel-platformer/Tilemap/tilemap_packed_107.asset using Guid(ff55c4c92f944f7458011a971c70e146) Importer(815301076,1909f56bfc062723c751e8b465ee728b) [PhysX] Initialized MultithreadedTaskDispatcher with 20 workers.
 -> (artifact id: 'f61c19954849945797a558c17e4dbd32') in 0.019850 seconds
Number of updated asset objects reloaded before import = 0
Number of asset objects unloaded after import = 3
========================================================================
Received Import Request.
  Time since last request: 0.297902 seconds.
  path: Assets/tilemap/kenney_pixel-platformer/Tilemap/tilemap_packed_113.asset
  artifactKey: Guid(61a408adf3679bc46a93e336fa71967c) Importer(815301076,1909f56bfc062723c751e8b465ee728b)
Start importing Assets/tilemap/kenney_pixel-platformer/Tilemap/tilemap_packed_113.asset using Guid(61a408adf3679bc46a93e336fa71967c) Importer(815301076,1909f56bfc062723c751e8b465ee728b) [PhysX] Initialized MultithreadedTaskDispatcher with 20 workers.
 -> (artifact id: 'f4f5e0b8d9451b46371391e7ed34a62c') in 0.023428 seconds
Number of updated asset objects reloaded before import = 0
Number of asset objects unloaded after import = 3
========================================================================
Received Import Request.
  Time since last request: 0.000030 seconds.
  path: Assets/tilemap/kenney_pixel-platformer/Tilemap/tilemap_packed_117.asset
  artifactKey: Guid(75b4c0a4235b55643aac2ff2e7e0970c) Importer(815301076,1909f56bfc062723c751e8b465ee728b)
Start importing Assets/tilemap/kenney_pixel-platformer/Tilemap/tilemap_packed_117.asset using Guid(75b4c0a4235b55643aac2ff2e7e0970c) Importer(815301076,1909f56bfc062723c751e8b465ee728b) [PhysX] Initialized MultithreadedTaskDispatcher with 20 workers.
 -> (artifact id: 'a3953e7a3227217fb8a812ee471bb8e8') in 0.019915 seconds
Number of updated asset objects reloaded before import = 0
Number of asset objects unloaded after import = 3
========================================================================
Received Import Request.
  Time since last request: 0.257252 seconds.
  path: Assets/tilemap/kenney_pixel-platformer/Tilemap/tilemap_packed_121.asset
  artifactKey: Guid(b5c12dc471ca5f24db5c179ec479236f) Importer(815301076,1909f56bfc062723c751e8b465ee728b)
Start importing Assets/tilemap/kenney_pixel-platformer/Tilemap/tilemap_packed_121.asset using Guid(b5c12dc471ca5f24db5c179ec479236f) Importer(815301076,1909f56bfc062723c751e8b465ee728b) [PhysX] Initialized MultithreadedTaskDispatcher with 20 workers.
 -> (artifact id: '17be7ec9be25420bdc1a4a84afdd0d75') in 0.017980 seconds
Number of updated asset objects reloaded before import = 0
Number of asset objects unloaded after import = 3
========================================================================
Received Import Request.
  Time since last request: 0.000032 seconds.
  path: Assets/tilemap/kenney_pixel-platformer/Tilemap/tilemap_packed_124.asset
  artifactKey: Guid(659c85db4aabc494a919228012c01a52) Importer(815301076,1909f56bfc062723c751e8b465ee728b)
Start importing Assets/tilemap/kenney_pixel-platformer/Tilemap/tilemap_packed_124.asset using Guid(659c85db4aabc494a919228012c01a52) Importer(815301076,1909f56bfc062723c751e8b465ee728b) [PhysX] Initialized MultithreadedTaskDispatcher with 20 workers.
 -> (artifact id: 'd161cb91c2455839dc26694f54a38719') in 0.016414 seconds
Number of updated asset objects reloaded before import = 0
Number of asset objects unloaded after import = 3
========================================================================
Received Import Request.
  Time since last request: 0.291742 seconds.
  path: Assets/tilemap/kenney_pixel-platformer/Tilemap/tilemap_packed_129.asset
  artifactKey: Guid(25287d55b14022e4aa94804936689e91) Importer(815301076,1909f56bfc062723c751e8b465ee728b)
Start importing Assets/tilemap/kenney_pixel-platformer/Tilemap/tilemap_packed_129.asset using Guid(25287d55b14022e4aa94804936689e91) Importer(815301076,1909f56bfc062723c751e8b465ee728b) [PhysX] Initialized MultithreadedTaskDispatcher with 20 workers.
 -> (artifact id: 'a1d15a7b715abe14d2e251198aeb038d') in 0.023327 seconds
Number of updated asset objects reloaded before import = 0
Number of asset objects unloaded after import = 3
========================================================================
Received Import Request.
  Time since last request: 0.302016 seconds.
  path: Assets/tilemap/kenney_pixel-platformer/Tilemap/tilemap_packed_137.asset
  artifactKey: Guid(960e00ff52f135949b7299e715fdd555) Importer(815301076,1909f56bfc062723c751e8b465ee728b)
Start importing Assets/tilemap/kenney_pixel-platformer/Tilemap/tilemap_packed_137.asset using Guid(960e00ff52f135949b7299e715fdd555) Importer(815301076,1909f56bfc062723c751e8b465ee728b) [PhysX] Initialized MultithreadedTaskDispatcher with 20 workers.
 -> (artifact id: 'b5a016d45ec4c0e0aae906de8f0336d4') in 0.021470 seconds
Number of updated asset objects reloaded before import = 0
Number of asset objects unloaded after import = 3
========================================================================
Received Import Request.
  Time since last request: 0.302690 seconds.
  path: Assets/tilemap/kenney_pixel-platformer/Tilemap/tilemap_packed_143.asset
  artifactKey: Guid(2b2ad9ffeb6b60c4ea34d6e8c6bec4a1) Importer(815301076,1909f56bfc062723c751e8b465ee728b)
Start importing Assets/tilemap/kenney_pixel-platformer/Tilemap/tilemap_packed_143.asset using Guid(2b2ad9ffeb6b60c4ea34d6e8c6bec4a1) Importer(815301076,1909f56bfc062723c751e8b465ee728b) [PhysX] Initialized MultithreadedTaskDispatcher with 20 workers.
 -> (artifact id: '851dcea5a71eb33a4bb474edf9a328c8') in 0.020838 seconds
Number of updated asset objects reloaded before import = 0
Number of asset objects unloaded after import = 3
========================================================================
Received Import Request.
  Time since last request: 0.000032 seconds.
  path: Assets/tilemap/kenney_pixel-platformer/Tilemap/tilemap_packed_148.asset
  artifactKey: Guid(5e3dc57c5e020b64689198e14e5323d1) Importer(815301076,1909f56bfc062723c751e8b465ee728b)
Start importing Assets/tilemap/kenney_pixel-platformer/Tilemap/tilemap_packed_148.asset using Guid(5e3dc57c5e020b64689198e14e5323d1) Importer(815301076,1909f56bfc062723c751e8b465ee728b) [PhysX] Initialized MultithreadedTaskDispatcher with 20 workers.
 -> (artifact id: '4d28fb384b99734e9d6c53186aeaf222') in 0.018053 seconds
Number of updated asset objects reloaded before import = 0
Number of asset objects unloaded after import = 3
========================================================================
Received Import Request.
  Time since last request: 0.289431 seconds.
  path: Assets/tilemap/kenney_pixel-platformer/Tilemap/tilemap_packed_151.asset
  artifactKey: Guid(5a899ebfcb771774081d0259f7579bfb) Importer(815301076,1909f56bfc062723c751e8b465ee728b)
Start importing Assets/tilemap/kenney_pixel-platformer/Tilemap/tilemap_packed_151.asset using Guid(5a899ebfcb771774081d0259f7579bfb) Importer(815301076,1909f56bfc062723c751e8b465ee728b) [PhysX] Initialized MultithreadedTaskDispatcher with 20 workers.
 -> (artifact id: '96889bcc3b653e6fd32636f7eacb9b4f') in 0.017367 seconds
Number of updated asset objects reloaded before import = 0
Number of asset objects unloaded after import = 3
========================================================================
Received Import Request.
  Time since last request: 0.306463 seconds.
  path: Assets/tilemap/kenney_pixel-platformer/Tilemap/tilemap_packed_159.asset
  artifactKey: Guid(5c4cf764e8abe184685cbd3db2343a43) Importer(815301076,1909f56bfc062723c751e8b465ee728b)
Start importing Assets/tilemap/kenney_pixel-platformer/Tilemap/tilemap_packed_159.asset using Guid(5c4cf764e8abe184685cbd3db2343a43) Importer(815301076,1909f56bfc062723c751e8b465ee728b) [PhysX] Initialized MultithreadedTaskDispatcher with 20 workers.
 -> (artifact id: '9dab59057b7a6d6f11eb26f37c40c129') in 0.018531 seconds
Number of updated asset objects reloaded before import = 0
Number of asset objects unloaded after import = 3
========================================================================
Received Import Request.
  Time since last request: 42.619943 seconds.
  path: Assets/tilemap/kenney_pixel-platformer/Tiles/tile_0146.png
  artifactKey: Guid(31d24e8d51c7f104e89e9e116ada1cbb) Importer(815301076,1909f56bfc062723c751e8b465ee728b)
Start importing Assets/tilemap/kenney_pixel-platformer/Tiles/tile_0146.png using Guid(31d24e8d51c7f104e89e9e116ada1cbb) Importer(815301076,1909f56bfc062723c751e8b465ee728b) [PhysX] Initialized MultithreadedTaskDispatcher with 20 workers.
[PhysX] Initialized MultithreadedTaskDispatcher with 20 workers.
 -> (artifact id: 'dfe27494eb47ea3a834e7ea4428e47ce') in 0.021479 seconds
Number of updated asset objects reloaded before import = 0
Number of asset objects unloaded after import = 3
========================================================================
Received Import Request.
  Time since last request: 0.007473 seconds.
  path: Assets/tilemap/kenney_pixel-platformer/Tiles/tile_0151.png
  artifactKey: Guid(d68dd99b94e2c154daf92c170302dcb0) Importer(815301076,1909f56bfc062723c751e8b465ee728b)
Start importing Assets/tilemap/kenney_pixel-platformer/Tiles/tile_0151.png using Guid(d68dd99b94e2c154daf92c170302dcb0) Importer(815301076,1909f56bfc062723c751e8b465ee728b) [PhysX] Initialized MultithreadedTaskDispatcher with 20 workers.
[PhysX] Initialized MultithreadedTaskDispatcher with 20 workers.
 -> (artifact id: 'fb36ee36a7869104bc538978398ae2ea') in 0.024130 seconds
Number of updated asset objects reloaded before import = 0
Number of asset objects unloaded after import = 3
========================================================================
Received Import Request.
  Time since last request: 0.001880 seconds.
  path: Assets/tilemap/kenney_pixel-platformer/Tiles/tile_0156.png
  artifactKey: Guid(fd3a55800d102304ea45b3fdf8e6a9a9) Importer(815301076,1909f56bfc062723c751e8b465ee728b)
Start importing Assets/tilemap/kenney_pixel-platformer/Tiles/tile_0156.png using Guid(fd3a55800d102304ea45b3fdf8e6a9a9) Importer(815301076,1909f56bfc062723c751e8b465ee728b) [PhysX] Initialized MultithreadedTaskDispatcher with 20 workers.
[PhysX] Initialized MultithreadedTaskDispatcher with 20 workers.
 -> (artifact id: '4bd0d4735515cc46e49ff3fcc5ae0a01') in 0.019756 seconds
Number of updated asset objects reloaded before import = 0
Number of asset objects unloaded after import = 3
========================================================================
Received Import Request.
  Time since last request: 0.002214 seconds.
  path: Assets/tilemap/kenney_pixel-platformer/Tiles/tile_0161.png
  artifactKey: Guid(d7c6d2d1bffa2884bbe4cfe32034e54e) Importer(815301076,1909f56bfc062723c751e8b465ee728b)
Start importing Assets/tilemap/kenney_pixel-platformer/Tiles/tile_0161.png using Guid(d7c6d2d1bffa2884bbe4cfe32034e54e) Importer(815301076,1909f56bfc062723c751e8b465ee728b) [PhysX] Initialized MultithreadedTaskDispatcher with 20 workers.
[PhysX] Initialized MultithreadedTaskDispatcher with 20 workers.
 -> (artifact id: '345128f268e154571ca5d38be30848e7') in 0.023000 seconds
Number of updated asset objects reloaded before import = 0
Number of asset objects unloaded after import = 3
========================================================================
Received Import Request.
  Time since last request: 22.767108 seconds.
  path: Assets/tilemap/kenney_pixel-platformer/Tiles/tile_0073.png
  artifactKey: Guid(a685f1f950bb1454f950c500e902dfea) Importer(815301076,1909f56bfc062723c751e8b465ee728b)
Start importing Assets/tilemap/kenney_pixel-platformer/Tiles/tile_0073.png using Guid(a685f1f950bb1454f950c500e902dfea) Importer(815301076,1909f56bfc062723c751e8b465ee728b) [PhysX] Initialized MultithreadedTaskDispatcher with 20 workers.
[PhysX] Initialized MultithreadedTaskDispatcher with 20 workers.
 -> (artifact id: 'b824b0019d4ca41ea37d1cb12cff0fb6') in 0.021480 seconds
Number of updated asset objects reloaded before import = 0
Number of asset objects unloaded after import = 3
========================================================================
Received Import Request.
  Time since last request: 0.003071 seconds.
  path: Assets/tilemap/kenney_pixel-platformer/Tiles/tile_0078.png
  artifactKey: Guid(9191d0238087b3d48964898891b4384e) Importer(815301076,1909f56bfc062723c751e8b465ee728b)
Start importing Assets/tilemap/kenney_pixel-platformer/Tiles/tile_0078.png using Guid(9191d0238087b3d48964898891b4384e) Importer(815301076,1909f56bfc062723c751e8b465ee728b) [PhysX] Initialized MultithreadedTaskDispatcher with 20 workers.
[PhysX] Initialized MultithreadedTaskDispatcher with 20 workers.
 -> (artifact id: '471d7cd6af357200abc76dd00c54136b') in 0.021644 seconds
Number of updated asset objects reloaded before import = 0
Number of asset objects unloaded after import = 3
========================================================================
Received Import Request.
  Time since last request: 1.534333 seconds.
  path: Assets/tilemap/kenney_pixel-platformer/Tiles/tile_0083.png
  artifactKey: Guid(b91634352aad106429adc11ed2b1850b) Importer(815301076,1909f56bfc062723c751e8b465ee728b)
Start importing Assets/tilemap/kenney_pixel-platformer/Tiles/tile_0083.png using Guid(b91634352aad106429adc11ed2b1850b) Importer(815301076,1909f56bfc062723c751e8b465ee728b) [PhysX] Initialized MultithreadedTaskDispatcher with 20 workers.
[PhysX] Initialized MultithreadedTaskDispatcher with 20 workers.
 -> (artifact id: '28e2462076c46f4c59a58ba082fb8f97') in 0.028095 seconds
Number of updated asset objects reloaded before import = 0
Number of asset objects unloaded after import = 3
========================================================================
Received Import Request.
  Time since last request: 0.399283 seconds.
  path: Assets/tilemap/kenney_pixel-platformer/Tiles/tile_0086.png
  artifactKey: Guid(6da1f78202ca4114ba98d787536fa453) Importer(815301076,1909f56bfc062723c751e8b465ee728b)
Start importing Assets/tilemap/kenney_pixel-platformer/Tiles/tile_0086.png using Guid(6da1f78202ca4114ba98d787536fa453) Importer(815301076,1909f56bfc062723c751e8b465ee728b) [PhysX] Initialized MultithreadedTaskDispatcher with 20 workers.
[PhysX] Initialized MultithreadedTaskDispatcher with 20 workers.
 -> (artifact id: '1d12d2ecd319bf3bab1a92e23bfef3cb') in 0.026765 seconds
Number of updated asset objects reloaded before import = 0
Number of asset objects unloaded after import = 3
========================================================================
Received Import Request.
  Time since last request: 0.356115 seconds.
  path: Assets/tilemap/kenney_pixel-platformer/Tiles/tile_0089.png
  artifactKey: Guid(fc1aa1e7bd364384f9ea20ce48759020) Importer(815301076,1909f56bfc062723c751e8b465ee728b)
Start importing Assets/tilemap/kenney_pixel-platformer/Tiles/tile_0089.png using Guid(fc1aa1e7bd364384f9ea20ce48759020) Importer(815301076,1909f56bfc062723c751e8b465ee728b) [PhysX] Initialized MultithreadedTaskDispatcher with 20 workers.
[PhysX] Initialized MultithreadedTaskDispatcher with 20 workers.
 -> (artifact id: '631963ad4f9e65906756fb36391bf42f') in 0.027991 seconds
Number of updated asset objects reloaded before import = 0
Number of asset objects unloaded after import = 3
========================================================================
Received Import Request.
  Time since last request: 0.251821 seconds.
  path: Assets/tilemap/kenney_pixel-platformer/Tiles/tile_0092.png
  artifactKey: Guid(71c35ac4ef0e5a04b9b6733bd900f21f) Importer(815301076,1909f56bfc062723c751e8b465ee728b)
Start importing Assets/tilemap/kenney_pixel-platformer/Tiles/tile_0092.png using Guid(71c35ac4ef0e5a04b9b6733bd900f21f) Importer(815301076,1909f56bfc062723c751e8b465ee728b) [PhysX] Initialized MultithreadedTaskDispatcher with 20 workers.
[PhysX] Initialized MultithreadedTaskDispatcher with 20 workers.
 -> (artifact id: '075a1c2db92cda68777f0f21cc8e5efc') in 0.024250 seconds
Number of updated asset objects reloaded before import = 0
Number of asset objects unloaded after import = 3
========================================================================
Received Import Request.
  Time since last request: 0.265569 seconds.
  path: Assets/tilemap/kenney_pixel-platformer/Tiles/tile_0095.png
  artifactKey: Guid(b27aa400edcfb9948b90cd56ea1e7902) Importer(815301076,1909f56bfc062723c751e8b465ee728b)
Start importing Assets/tilemap/kenney_pixel-platformer/Tiles/tile_0095.png using Guid(b27aa400edcfb9948b90cd56ea1e7902) Importer(815301076,1909f56bfc062723c751e8b465ee728b) [PhysX] Initialized MultithreadedTaskDispatcher with 20 workers.
[PhysX] Initialized MultithreadedTaskDispatcher with 20 workers.
 -> (artifact id: '3a8ee4d698fb93bd00a7c7d2ddd69745') in 0.025862 seconds
Number of updated asset objects reloaded before import = 0
Number of asset objects unloaded after import = 3
========================================================================
Received Import Request.
  Time since last request: 0.507739 seconds.
  path: Assets/tilemap/kenney_pixel-platformer/Tiles/tile_0101.png
  artifactKey: Guid(3309e04c48d1bc64698a00796be611c3) Importer(815301076,1909f56bfc062723c751e8b465ee728b)
Start importing Assets/tilemap/kenney_pixel-platformer/Tiles/tile_0101.png using Guid(3309e04c48d1bc64698a00796be611c3) Importer(815301076,1909f56bfc062723c751e8b465ee728b) [PhysX] Initialized MultithreadedTaskDispatcher with 20 workers.
[PhysX] Initialized MultithreadedTaskDispatcher with 20 workers.
 -> (artifact id: 'f2624c9dbd05a6e548db19dabe12c200') in 0.020655 seconds
Number of updated asset objects reloaded before import = 0
Number of asset objects unloaded after import = 3
========================================================================
Received Import Request.
  Time since last request: 0.530326 seconds.
  path: Assets/tilemap/kenney_pixel-platformer/Tiles/tile_0107.png
  artifactKey: Guid(e85ed26cc4785ac48bb491e2ff500cf7) Importer(815301076,1909f56bfc062723c751e8b465ee728b)
Start importing Assets/tilemap/kenney_pixel-platformer/Tiles/tile_0107.png using Guid(e85ed26cc4785ac48bb491e2ff500cf7) Importer(815301076,1909f56bfc062723c751e8b465ee728b) [PhysX] Initialized MultithreadedTaskDispatcher with 20 workers.
[PhysX] Initialized MultithreadedTaskDispatcher with 20 workers.
 -> (artifact id: 'e1a2e3fb44c45594f06347b9244b3510') in 0.027522 seconds
Number of updated asset objects reloaded before import = 0
Number of asset objects unloaded after import = 3
========================================================================
Received Import Request.
  Time since last request: 0.260049 seconds.
  path: Assets/tilemap/kenney_pixel-platformer/Tiles/tile_0110.png
  artifactKey: Guid(09788fa010fc00843b2070d1dde16b78) Importer(815301076,1909f56bfc062723c751e8b465ee728b)
Start importing Assets/tilemap/kenney_pixel-platformer/Tiles/tile_0110.png using Guid(09788fa010fc00843b2070d1dde16b78) Importer(815301076,1909f56bfc062723c751e8b465ee728b) [PhysX] Initialized MultithreadedTaskDispatcher with 20 workers.
[PhysX] Initialized MultithreadedTaskDispatcher with 20 workers.
 -> (artifact id: '89149022a329ceab6b83bce875a30f7c') in 0.028423 seconds
Number of updated asset objects reloaded before import = 0
Number of asset objects unloaded after import = 3
========================================================================
Received Import Request.
  Time since last request: 0.272894 seconds.
  path: Assets/tilemap/kenney_pixel-platformer/Tiles/tile_0114.png
  artifactKey: Guid(4bf9d5daab8c6f649ba8d46f9a0b2cde) Importer(815301076,1909f56bfc062723c751e8b465ee728b)
Start importing Assets/tilemap/kenney_pixel-platformer/Tiles/tile_0114.png using Guid(4bf9d5daab8c6f649ba8d46f9a0b2cde) Importer(815301076,1909f56bfc062723c751e8b465ee728b) [PhysX] Initialized MultithreadedTaskDispatcher with 20 workers.
[PhysX] Initialized MultithreadedTaskDispatcher with 20 workers.
 -> (artifact id: '56a9d1534809bc7d171920dae80d6f27') in 0.023702 seconds
Number of updated asset objects reloaded before import = 0
Number of asset objects unloaded after import = 3
========================================================================
Received Import Request.
  Time since last request: 0.302202 seconds.
  path: Assets/tilemap/kenney_pixel-platformer/Tiles/tile_0119.png
  artifactKey: Guid(fdbbf8c23ca0c7a4ea145ff74421133f) Importer(815301076,1909f56bfc062723c751e8b465ee728b)
Start importing Assets/tilemap/kenney_pixel-platformer/Tiles/tile_0119.png using Guid(fdbbf8c23ca0c7a4ea145ff74421133f) Importer(815301076,1909f56bfc062723c751e8b465ee728b) [PhysX] Initialized MultithreadedTaskDispatcher with 20 workers.
[PhysX] Initialized MultithreadedTaskDispatcher with 20 workers.
 -> (artifact id: 'e81c124312775459878a4d5f78b80acf') in 0.024784 seconds
Number of updated asset objects reloaded before import = 0
Number of asset objects unloaded after import = 3
========================================================================
Received Import Request.
  Time since last request: 0.261928 seconds.
  path: Assets/tilemap/kenney_pixel-platformer/Tiles/tile_0122.png
  artifactKey: Guid(561db90f41221024093ffd4b75108d9e) Importer(815301076,1909f56bfc062723c751e8b465ee728b)
Start importing Assets/tilemap/kenney_pixel-platformer/Tiles/tile_0122.png using Guid(561db90f41221024093ffd4b75108d9e) Importer(815301076,1909f56bfc062723c751e8b465ee728b) [PhysX] Initialized MultithreadedTaskDispatcher with 20 workers.
[PhysX] Initialized MultithreadedTaskDispatcher with 20 workers.
 -> (artifact id: 'c9ce5983e8499c7e4b692b3c07ced1cc') in 0.029531 seconds
Number of updated asset objects reloaded before import = 0
Number of asset objects unloaded after import = 3
========================================================================
Received Import Request.
  Time since last request: 0.276757 seconds.
  path: Assets/tilemap/kenney_pixel-platformer/Tiles/tile_0126.png
  artifactKey: Guid(94331d65b96eec7428347e3e6f71e907) Importer(815301076,1909f56bfc062723c751e8b465ee728b)
Start importing Assets/tilemap/kenney_pixel-platformer/Tiles/tile_0126.png using Guid(94331d65b96eec7428347e3e6f71e907) Importer(815301076,1909f56bfc062723c751e8b465ee728b) [PhysX] Initialized MultithreadedTaskDispatcher with 20 workers.
[PhysX] Initialized MultithreadedTaskDispatcher with 20 workers.
 -> (artifact id: '03c858bc123b3de44090895970b0cd64') in 0.024608 seconds
Number of updated asset objects reloaded before import = 0
Number of asset objects unloaded after import = 3
========================================================================
Received Import Request.
  Time since last request: 0.226244 seconds.
  path: Assets/tilemap/kenney_pixel-platformer/Tiles/tile_0130.png
  artifactKey: Guid(120ab202dd7c1214fb231e7c6abf006f) Importer(815301076,1909f56bfc062723c751e8b465ee728b)
Start importing Assets/tilemap/kenney_pixel-platformer/Tiles/tile_0130.png using Guid(120ab202dd7c1214fb231e7c6abf006f) Importer(815301076,1909f56bfc062723c751e8b465ee728b) [PhysX] Initialized MultithreadedTaskDispatcher with 20 workers.
[PhysX] Initialized MultithreadedTaskDispatcher with 20 workers.
 -> (artifact id: '8235044a7d85e4f66efd384917217dc4') in 0.023429 seconds
Number of updated asset objects reloaded before import = 0
Number of asset objects unloaded after import = 3
========================================================================
Received Import Request.
  Time since last request: 0.268632 seconds.
  path: Assets/tilemap/kenney_pixel-platformer/Tiles/tile_0133.png
  artifactKey: Guid(9dbf26ada42cff348b3c60bd3eb77740) Importer(815301076,1909f56bfc062723c751e8b465ee728b)
Start importing Assets/tilemap/kenney_pixel-platformer/Tiles/tile_0133.png using Guid(9dbf26ada42cff348b3c60bd3eb77740) Importer(815301076,1909f56bfc062723c751e8b465ee728b) [PhysX] Initialized MultithreadedTaskDispatcher with 20 workers.
[PhysX] Initialized MultithreadedTaskDispatcher with 20 workers.
 -> (artifact id: 'd927134051737f45c8a1b8e85030c562') in 0.025644 seconds
Number of updated asset objects reloaded before import = 0
Number of asset objects unloaded after import = 3
========================================================================
Received Import Request.
  Time since last request: 0.248509 seconds.
  path: Assets/tilemap/kenney_pixel-platformer/Tiles/tile_0137.png
  artifactKey: Guid(e033a29f123cf4947a3d9403efe55bea) Importer(815301076,1909f56bfc062723c751e8b465ee728b)
Start importing Assets/tilemap/kenney_pixel-platformer/Tiles/tile_0137.png using Guid(e033a29f123cf4947a3d9403efe55bea) Importer(815301076,1909f56bfc062723c751e8b465ee728b) [PhysX] Initialized MultithreadedTaskDispatcher with 20 workers.
[PhysX] Initialized MultithreadedTaskDispatcher with 20 workers.
 -> (artifact id: '3763d8568f83073875020358aaa4fa4d') in 0.027922 seconds
Number of updated asset objects reloaded before import = 0
Number of asset objects unloaded after import = 3
========================================================================
Received Import Request.
  Time since last request: 0.247440 seconds.
  path: Assets/tilemap/kenney_pixel-platformer/Tiles/tile_0141.png
  artifactKey: Guid(f675d08a15e512947aeb79abd75c93d7) Importer(815301076,1909f56bfc062723c751e8b465ee728b)
Start importing Assets/tilemap/kenney_pixel-platformer/Tiles/tile_0141.png using Guid(f675d08a15e512947aeb79abd75c93d7) Importer(815301076,1909f56bfc062723c751e8b465ee728b) [PhysX] Initialized MultithreadedTaskDispatcher with 20 workers.
[PhysX] Initialized MultithreadedTaskDispatcher with 20 workers.
 -> (artifact id: 'bea0f0f716e7d29ef6c9b79d54c38696') in 0.033242 seconds
Number of updated asset objects reloaded before import = 0
Number of asset objects unloaded after import = 3
========================================================================
Received Import Request.
  Time since last request: 267.782353 seconds.
  path: Assets/tilemap/kenney_pixel-platformer/Tiles/tile_0001.png
  artifactKey: Guid(0a8ed435cfa92a54f8bd8fe8228edb6f) Importer(815301076,1909f56bfc062723c751e8b465ee728b)
Start importing Assets/tilemap/kenney_pixel-platformer/Tiles/tile_0001.png using Guid(0a8ed435cfa92a54f8bd8fe8228edb6f) Importer(815301076,1909f56bfc062723c751e8b465ee728b) [PhysX] Initialized MultithreadedTaskDispatcher with 20 workers.
[PhysX] Initialized MultithreadedTaskDispatcher with 20 workers.
 -> (artifact id: '578ffb99af1f831fa7401acef5ce8088') in 0.041182 seconds
Number of updated asset objects reloaded before import = 0
Number of asset objects unloaded after import = 3
========================================================================
Received Import Request.
  Time since last request: 0.000059 seconds.
  path: Assets/tilemap/kenney_pixel-platformer/Tiles/tile_0006.png
  artifactKey: Guid(dcd7ea1296389e247a338f52f62ff737) Importer(815301076,1909f56bfc062723c751e8b465ee728b)
Start importing Assets/tilemap/kenney_pixel-platformer/Tiles/tile_0006.png using Guid(dcd7ea1296389e247a338f52f62ff737) Importer(815301076,1909f56bfc062723c751e8b465ee728b) [PhysX] Initialized MultithreadedTaskDispatcher with 20 workers.
[PhysX] Initialized MultithreadedTaskDispatcher with 20 workers.
 -> (artifact id: 'b10c0f243e46aae525107b0036616188') in 0.028141 seconds
Number of updated asset objects reloaded before import = 0
Number of asset objects unloaded after import = 3
========================================================================
Received Import Request.
  Time since last request: 0.000156 seconds.
  path: Assets/tilemap/kenney_pixel-platformer/Tiles/tile_0002.png
  artifactKey: Guid(2c1e1430f4c08dc438a71dfdc8d2b045) Importer(815301076,1909f56bfc062723c751e8b465ee728b)
Start importing Assets/tilemap/kenney_pixel-platformer/Tiles/tile_0002.png using Guid(2c1e1430f4c08dc438a71dfdc8d2b045) Importer(815301076,1909f56bfc062723c751e8b465ee728b) [PhysX] Initialized MultithreadedTaskDispatcher with 20 workers.
[PhysX] Initialized MultithreadedTaskDispatcher with 20 workers.
 -> (artifact id: 'fc1d1276eaba95dac27c117efb99b0ea') in 0.019500 seconds
Number of updated asset objects reloaded before import = 0
Number of asset objects unloaded after import = 3
========================================================================
Received Import Request.
  Time since last request: 0.000078 seconds.
  path: Assets/tilemap/kenney_pixel-platformer/Tiles/tile_0007.png
  artifactKey: Guid(820a44707c974ee419a1a004495d3eef) Importer(815301076,1909f56bfc062723c751e8b465ee728b)
Start importing Assets/tilemap/kenney_pixel-platformer/Tiles/tile_0007.png using Guid(820a44707c974ee419a1a004495d3eef) Importer(815301076,1909f56bfc062723c751e8b465ee728b) [PhysX] Initialized MultithreadedTaskDispatcher with 20 workers.
[PhysX] Initialized MultithreadedTaskDispatcher with 20 workers.
 -> (artifact id: '64bde4557e5571a4aedabddb5eef2084') in 0.024345 seconds
Number of updated asset objects reloaded before import = 0
Number of asset objects unloaded after import = 3
========================================================================
Received Import Request.
  Time since last request: 1.697492 seconds.
  path: Assets/tilemap/kenney_pixel-platformer/Tiles/tile_0009.png
  artifactKey: Guid(63ec6ab6d859aaf469326d7ab03dc343) Importer(815301076,1909f56bfc062723c751e8b465ee728b)
Start importing Assets/tilemap/kenney_pixel-platformer/Tiles/tile_0009.png using Guid(63ec6ab6d859aaf469326d7ab03dc343) Importer(815301076,1909f56bfc062723c751e8b465ee728b) [PhysX] Initialized MultithreadedTaskDispatcher with 20 workers.
[PhysX] Initialized MultithreadedTaskDispatcher with 20 workers.
 -> (artifact id: '6d3ac4e309b90fb3012fc93a52b12ecc') in 0.023544 seconds
Number of updated asset objects reloaded before import = 0
Number of asset objects unloaded after import = 3
========================================================================
Received Import Request.
  Time since last request: 0.000050 seconds.
  path: Assets/tilemap/kenney_pixel-platformer/Tiles/tile_0012.png
  artifactKey: Guid(da23d008c7f86ff469a05d6ced9d2c39) Importer(815301076,1909f56bfc062723c751e8b465ee728b)
Start importing Assets/tilemap/kenney_pixel-platformer/Tiles/tile_0012.png using Guid(da23d008c7f86ff469a05d6ced9d2c39) Importer(815301076,1909f56bfc062723c751e8b465ee728b) [PhysX] Initialized MultithreadedTaskDispatcher with 20 workers.
[PhysX] Initialized MultithreadedTaskDispatcher with 20 workers.
 -> (artifact id: 'b6103bb1b9ac19c78c589f8d71301988') in 0.025444 seconds
Number of updated asset objects reloaded before import = 0
Number of asset objects unloaded after import = 3
========================================================================
Received Import Request.
  Time since last request: 0.008731 seconds.
  path: Assets/tilemap/kenney_pixel-platformer/Tiles/tile_0013.png
  artifactKey: Guid(c7ec41aee08f6324992a0098a13e3e1b) Importer(815301076,1909f56bfc062723c751e8b465ee728b)
Start importing Assets/tilemap/kenney_pixel-platformer/Tiles/tile_0013.png using Guid(c7ec41aee08f6324992a0098a13e3e1b) Importer(815301076,1909f56bfc062723c751e8b465ee728b) [PhysX] Initialized MultithreadedTaskDispatcher with 20 workers.
[PhysX] Initialized MultithreadedTaskDispatcher with 20 workers.
 -> (artifact id: '2346f3869f59516ff9c79987d45c0c71') in 0.024838 seconds
Number of updated asset objects reloaded before import = 0
Number of asset objects unloaded after import = 3
========================================================================
Received Import Request.
  Time since last request: 0.000169 seconds.
  path: Assets/tilemap/kenney_pixel-platformer/Tiles/tile_0015.png
  artifactKey: Guid(a7142e230cbc14b42a23245c5dbdb5ca) Importer(815301076,1909f56bfc062723c751e8b465ee728b)
Start importing Assets/tilemap/kenney_pixel-platformer/Tiles/tile_0015.png using Guid(a7142e230cbc14b42a23245c5dbdb5ca) Importer(815301076,1909f56bfc062723c751e8b465ee728b) [PhysX] Initialized MultithreadedTaskDispatcher with 20 workers.
[PhysX] Initialized MultithreadedTaskDispatcher with 20 workers.
 -> (artifact id: '0804ea691e3e51683113d2073932dc2b') in 0.024730 seconds
Number of updated asset objects reloaded before import = 0
Number of asset objects unloaded after import = 3
========================================================================
Received Import Request.
  Time since last request: 0.033017 seconds.
  path: Assets/tilemap/kenney_pixel-platformer/Tiles/tile_0017.png
  artifactKey: Guid(3ac8f446356292849899c17b95d25a6b) Importer(815301076,1909f56bfc062723c751e8b465ee728b)
Start importing Assets/tilemap/kenney_pixel-platformer/Tiles/tile_0017.png using Guid(3ac8f446356292849899c17b95d25a6b) Importer(815301076,1909f56bfc062723c751e8b465ee728b) [PhysX] Initialized MultithreadedTaskDispatcher with 20 workers.
[PhysX] Initialized MultithreadedTaskDispatcher with 20 workers.
 -> (artifact id: 'd2c54bb92e55574daaaa7e44fdc5f8fb') in 0.021368 seconds
Number of updated asset objects reloaded before import = 0
Number of asset objects unloaded after import = 3
========================================================================
Received Import Request.
  Time since last request: 0.000029 seconds.
  path: Assets/tilemap/kenney_pixel-platformer/Tiles/tile_0021.png
  artifactKey: Guid(0e3211d084dcac1409fa3b3845dc5976) Importer(815301076,1909f56bfc062723c751e8b465ee728b)
Start importing Assets/tilemap/kenney_pixel-platformer/Tiles/tile_0021.png using Guid(0e3211d084dcac1409fa3b3845dc5976) Importer(815301076,1909f56bfc062723c751e8b465ee728b) [PhysX] Initialized MultithreadedTaskDispatcher with 20 workers.
[PhysX] Initialized MultithreadedTaskDispatcher with 20 workers.
 -> (artifact id: '56feda5a9ffd2396e7bad96867be2910') in 0.021845 seconds
Number of updated asset objects reloaded before import = 0
Number of asset objects unloaded after import = 3
========================================================================
Received Import Request.
  Time since last request: 0.000035 seconds.
  path: Assets/tilemap/kenney_pixel-platformer/Tiles/tile_0023.png
  artifactKey: Guid(bcf21ae4d71c7104385ce26bede385f4) Importer(815301076,1909f56bfc062723c751e8b465ee728b)
Start importing Assets/tilemap/kenney_pixel-platformer/Tiles/tile_0023.png using Guid(bcf21ae4d71c7104385ce26bede385f4) Importer(815301076,1909f56bfc062723c751e8b465ee728b) [PhysX] Initialized MultithreadedTaskDispatcher with 20 workers.
[PhysX] Initialized MultithreadedTaskDispatcher with 20 workers.
 -> (artifact id: 'c64f914d2a177be4cad5867e235aa35e') in 0.023217 seconds
Number of updated asset objects reloaded before import = 0
Number of asset objects unloaded after import = 3
========================================================================
Received Import Request.
  Time since last request: 0.000033 seconds.
  path: Assets/tilemap/kenney_pixel-platformer/Tiles/tile_0018.png
  artifactKey: Guid(c8456f3b3e7fefa4ba3ea6c9c943e67c) Importer(815301076,1909f56bfc062723c751e8b465ee728b)
Start importing Assets/tilemap/kenney_pixel-platformer/Tiles/tile_0018.png using Guid(c8456f3b3e7fefa4ba3ea6c9c943e67c) Importer(815301076,1909f56bfc062723c751e8b465ee728b) [PhysX] Initialized MultithreadedTaskDispatcher with 20 workers.
[PhysX] Initialized MultithreadedTaskDispatcher with 20 workers.
 -> (artifact id: '6f21d7c02a06121106db1eaf23c3deec') in 0.021400 seconds
Number of updated asset objects reloaded before import = 0
Number of asset objects unloaded after import = 3
========================================================================
Received Import Request.
  Time since last request: 0.003465 seconds.
  path: Assets/tilemap/kenney_pixel-platformer/Tiles/tile_0025.png
  artifactKey: Guid(b642273cec7a7a542afd25a3e70594a5) Importer(815301076,1909f56bfc062723c751e8b465ee728b)
Start importing Assets/tilemap/kenney_pixel-platformer/Tiles/tile_0025.png using Guid(b642273cec7a7a542afd25a3e70594a5) Importer(815301076,1909f56bfc062723c751e8b465ee728b) [PhysX] Initialized MultithreadedTaskDispatcher with 20 workers.
[PhysX] Initialized MultithreadedTaskDispatcher with 20 workers.
 -> (artifact id: 'dddc938dad091e41f8359d0171272e81') in 0.020144 seconds
Number of updated asset objects reloaded before import = 0
Number of asset objects unloaded after import = 3
========================================================================
Received Import Request.
  Time since last request: 0.000037 seconds.
  path: Assets/tilemap/kenney_pixel-platformer/Tiles/tile_0026.png
  artifactKey: Guid(5ea417ccb99d4684eb2ea2fefe2dab67) Importer(815301076,1909f56bfc062723c751e8b465ee728b)
Start importing Assets/tilemap/kenney_pixel-platformer/Tiles/tile_0026.png using Guid(5ea417ccb99d4684eb2ea2fefe2dab67) Importer(815301076,1909f56bfc062723c751e8b465ee728b) [PhysX] Initialized MultithreadedTaskDispatcher with 20 workers.
[PhysX] Initialized MultithreadedTaskDispatcher with 20 workers.
 -> (artifact id: '256d94a0d6a91f49dc9302a6531c1ba0') in 0.024054 seconds
Number of updated asset objects reloaded before import = 0
Number of asset objects unloaded after import = 3
========================================================================
Received Import Request.
  Time since last request: 0.023251 seconds.
  path: Assets/tilemap/kenney_pixel-platformer/Tiles/tile_0029.png
  artifactKey: Guid(446e503a1fc7b9742a0304f26493195d) Importer(815301076,1909f56bfc062723c751e8b465ee728b)
Start importing Assets/tilemap/kenney_pixel-platformer/Tiles/tile_0029.png using Guid(446e503a1fc7b9742a0304f26493195d) Importer(815301076,1909f56bfc062723c751e8b465ee728b) [PhysX] Initialized MultithreadedTaskDispatcher with 20 workers.
[PhysX] Initialized MultithreadedTaskDispatcher with 20 workers.
 -> (artifact id: '402242862eed9c4d3e96c23e445ba7c9') in 0.022824 seconds
Number of updated asset objects reloaded before import = 0
Number of asset objects unloaded after import = 3
========================================================================
Received Import Request.
  Time since last request: 0.000030 seconds.
  path: Assets/tilemap/kenney_pixel-platformer/Tiles/tile_0033.png
  artifactKey: Guid(f00054d48d30d4a4c83356284c392dc3) Importer(815301076,1909f56bfc062723c751e8b465ee728b)
Start importing Assets/tilemap/kenney_pixel-platformer/Tiles/tile_0033.png using Guid(f00054d48d30d4a4c83356284c392dc3) Importer(815301076,1909f56bfc062723c751e8b465ee728b) [PhysX] Initialized MultithreadedTaskDispatcher with 20 workers.
[PhysX] Initialized MultithreadedTaskDispatcher with 20 workers.
 -> (artifact id: '5a33a21c05254a3b22556a5796776cbc') in 0.023159 seconds
Number of updated asset objects reloaded before import = 0
Number of asset objects unloaded after import = 3
========================================================================
Received Import Request.
  Time since last request: 0.000037 seconds.
  path: Assets/tilemap/kenney_pixel-platformer/Tiles/tile_0031.png
  artifactKey: Guid(1cc2331750c0cf641a0a22d74ac17088) Importer(815301076,1909f56bfc062723c751e8b465ee728b)
Start importing Assets/tilemap/kenney_pixel-platformer/Tiles/tile_0031.png using Guid(1cc2331750c0cf641a0a22d74ac17088) Importer(815301076,1909f56bfc062723c751e8b465ee728b) [PhysX] Initialized MultithreadedTaskDispatcher with 20 workers.
[PhysX] Initialized MultithreadedTaskDispatcher with 20 workers.
 -> (artifact id: 'b0aedcbac929117bffd56d8e97eb6540') in 0.025662 seconds
Number of updated asset objects reloaded before import = 0
Number of asset objects unloaded after import = 3
========================================================================
Received Import Request.
  Time since last request: 0.022196 seconds.
  path: Assets/tilemap/kenney_pixel-platformer/Tiles/tile_0036.png
  artifactKey: Guid(f2110e0245a18b842903ab03697ba23e) Importer(815301076,1909f56bfc062723c751e8b465ee728b)
Start importing Assets/tilemap/kenney_pixel-platformer/Tiles/tile_0036.png using Guid(f2110e0245a18b842903ab03697ba23e) Importer(815301076,1909f56bfc062723c751e8b465ee728b) [PhysX] Initialized MultithreadedTaskDispatcher with 20 workers.
[PhysX] Initialized MultithreadedTaskDispatcher with 20 workers.
 -> (artifact id: '940b08d1d4e169f0cf75306069b297b0') in 0.020443 seconds
Number of updated asset objects reloaded before import = 0
Number of asset objects unloaded after import = 3
========================================================================
Received Import Request.
  Time since last request: 0.150789 seconds.
  path: Assets/tilemap/kenney_pixel-platformer/Tiles/tile_0039.png
  artifactKey: Guid(6051df448bf48c3469a4d5e65bf4b8f3) Importer(815301076,1909f56bfc062723c751e8b465ee728b)
Start importing Assets/tilemap/kenney_pixel-platformer/Tiles/tile_0039.png using Guid(6051df448bf48c3469a4d5e65bf4b8f3) Importer(815301076,1909f56bfc062723c751e8b465ee728b) [PhysX] Initialized MultithreadedTaskDispatcher with 20 workers.
[PhysX] Initialized MultithreadedTaskDispatcher with 20 workers.
 -> (artifact id: '03f9156a55d6f0f416161ab45b079dde') in 0.024572 seconds
Number of updated asset objects reloaded before import = 0
Number of asset objects unloaded after import = 3
========================================================================
Received Import Request.
  Time since last request: 0.074909 seconds.
  path: Assets/tilemap/kenney_pixel-platformer/Tiles/tile_0042.png
  artifactKey: Guid(db700a0ed94260041899b92990019abd) Importer(815301076,1909f56bfc062723c751e8b465ee728b)
Start importing Assets/tilemap/kenney_pixel-platformer/Tiles/tile_0042.png using Guid(db700a0ed94260041899b92990019abd) Importer(815301076,1909f56bfc062723c751e8b465ee728b) [PhysX] Initialized MultithreadedTaskDispatcher with 20 workers.
[PhysX] Initialized MultithreadedTaskDispatcher with 20 workers.
 -> (artifact id: 'f62636eac95c62e7ed77bf263c504654') in 0.026873 seconds
Number of updated asset objects reloaded before import = 0
Number of asset objects unloaded after import = 3
========================================================================
Received Import Request.
  Time since last request: 0.000042 seconds.
  path: Assets/tilemap/kenney_pixel-platformer/Tiles/tile_0044.png
  artifactKey: Guid(bb0999a52e795bd4e80286f8258dd176) Importer(815301076,1909f56bfc062723c751e8b465ee728b)
Start importing Assets/tilemap/kenney_pixel-platformer/Tiles/tile_0044.png using Guid(bb0999a52e795bd4e80286f8258dd176) Importer(815301076,1909f56bfc062723c751e8b465ee728b) [PhysX] Initialized MultithreadedTaskDispatcher with 20 workers.
[PhysX] Initialized MultithreadedTaskDispatcher with 20 workers.
 -> (artifact id: '5e4977d0451733d5d4735dcf85b49bad') in 0.031524 seconds
Number of updated asset objects reloaded before import = 0
Number of asset objects unloaded after import = 3
========================================================================
Received Import Request.
  Time since last request: 0.019105 seconds.
  path: Assets/tilemap/kenney_pixel-platformer/Tiles/tile_0046.png
  artifactKey: Guid(65a6bc30eda56dd479e3812c729cdccf) Importer(815301076,1909f56bfc062723c751e8b465ee728b)
Start importing Assets/tilemap/kenney_pixel-platformer/Tiles/tile_0046.png using Guid(65a6bc30eda56dd479e3812c729cdccf) Importer(815301076,1909f56bfc062723c751e8b465ee728b) [PhysX] Initialized MultithreadedTaskDispatcher with 20 workers.
[PhysX] Initialized MultithreadedTaskDispatcher with 20 workers.
 -> (artifact id: '93e022dff887a87488f994a357a079a5') in 0.030268 seconds
Number of updated asset objects reloaded before import = 0
Number of asset objects unloaded after import = 3
========================================================================
Received Import Request.
  Time since last request: 0.056437 seconds.
  path: Assets/tilemap/kenney_pixel-platformer/Tiles/tile_0048.png
  artifactKey: Guid(5730593af1a6bf94bbb66572e2f01ab0) Importer(815301076,1909f56bfc062723c751e8b465ee728b)
Start importing Assets/tilemap/kenney_pixel-platformer/Tiles/tile_0048.png using Guid(5730593af1a6bf94bbb66572e2f01ab0) Importer(815301076,1909f56bfc062723c751e8b465ee728b) [PhysX] Initialized MultithreadedTaskDispatcher with 20 workers.
[PhysX] Initialized MultithreadedTaskDispatcher with 20 workers.
 -> (artifact id: '6d7883e0f90dfdd4e98871e3b534915c') in 0.030244 seconds
Number of updated asset objects reloaded before import = 0
Number of asset objects unloaded after import = 3
========================================================================
Received Import Request.
  Time since last request: 0.061276 seconds.
  path: Assets/tilemap/kenney_pixel-platformer/Tiles/tile_0050.png
  artifactKey: Guid(d97fd5c5328d02b4e99b0369260a92db) Importer(815301076,1909f56bfc062723c751e8b465ee728b)
Start importing Assets/tilemap/kenney_pixel-platformer/Tiles/tile_0050.png using Guid(d97fd5c5328d02b4e99b0369260a92db) Importer(815301076,1909f56bfc062723c751e8b465ee728b) [PhysX] Initialized MultithreadedTaskDispatcher with 20 workers.
[PhysX] Initialized MultithreadedTaskDispatcher with 20 workers.
 -> (artifact id: '1f6913f139c2ad64a54b039e1af950cc') in 0.043571 seconds
Number of updated asset objects reloaded before import = 0
Number of asset objects unloaded after import = 3
========================================================================
Received Import Request.
  Time since last request: 0.000041 seconds.
  path: Assets/tilemap/kenney_pixel-platformer/Tiles/tile_0051.png
  artifactKey: Guid(dc98a4107a8ef2b43b5df21da3cafd07) Importer(815301076,1909f56bfc062723c751e8b465ee728b)
Start importing Assets/tilemap/kenney_pixel-platformer/Tiles/tile_0051.png using Guid(dc98a4107a8ef2b43b5df21da3cafd07) Importer(815301076,1909f56bfc062723c751e8b465ee728b) [PhysX] Initialized MultithreadedTaskDispatcher with 20 workers.
[PhysX] Initialized MultithreadedTaskDispatcher with 20 workers.
 -> (artifact id: '74da115899b1d2ddf3e6168a1ce3c05a') in 0.028121 seconds
Number of updated asset objects reloaded before import = 0
Number of asset objects unloaded after import = 3
========================================================================
Received Import Request.
  Time since last request: 0.007775 seconds.
  path: Assets/tilemap/kenney_pixel-platformer/Tiles/tile_0053.png
  artifactKey: Guid(dbc0bbb5773eb5a478fed73a17030de3) Importer(815301076,1909f56bfc062723c751e8b465ee728b)
Start importing Assets/tilemap/kenney_pixel-platformer/Tiles/tile_0053.png using Guid(dbc0bbb5773eb5a478fed73a17030de3) Importer(815301076,1909f56bfc062723c751e8b465ee728b) [PhysX] Initialized MultithreadedTaskDispatcher with 20 workers.
[PhysX] Initialized MultithreadedTaskDispatcher with 20 workers.
 -> (artifact id: 'cc44f28ea6dabc027565b3e6c87c907e') in 0.026646 seconds
Number of updated asset objects reloaded before import = 0
Number of asset objects unloaded after import = 3
========================================================================
Received Import Request.
  Time since last request: 0.000052 seconds.
  path: Assets/tilemap/kenney_pixel-platformer/Tiles/tile_0056.png
  artifactKey: Guid(b24c30bfc25ee3e4484e03363faa1c50) Importer(815301076,1909f56bfc062723c751e8b465ee728b)
Start importing Assets/tilemap/kenney_pixel-platformer/Tiles/tile_0056.png using Guid(b24c30bfc25ee3e4484e03363faa1c50) Importer(815301076,1909f56bfc062723c751e8b465ee728b) [PhysX] Initialized MultithreadedTaskDispatcher with 20 workers.
[PhysX] Initialized MultithreadedTaskDispatcher with 20 workers.
 -> (artifact id: '28c15630ef433603b6844bbc3e82f93d') in 0.056444 seconds
Number of updated asset objects reloaded before import = 0
Number of asset objects unloaded after import = 3
========================================================================
Received Import Request.
  Time since last request: 0.002331 seconds.
  path: Assets/tilemap/kenney_pixel-platformer/Tiles/tile_0057.png
  artifactKey: Guid(7ab4a22de3b8ca04681a5def101bb917) Importer(815301076,1909f56bfc062723c751e8b465ee728b)
Start importing Assets/tilemap/kenney_pixel-platformer/Tiles/tile_0057.png using Guid(7ab4a22de3b8ca04681a5def101bb917) Importer(815301076,1909f56bfc062723c751e8b465ee728b) [PhysX] Initialized MultithreadedTaskDispatcher with 20 workers.
[PhysX] Initialized MultithreadedTaskDispatcher with 20 workers.
 -> (artifact id: '9027f6c37731c665ae3adbb276ae3f61') in 0.044842 seconds
Number of updated asset objects reloaded before import = 0
Number of asset objects unloaded after import = 3
========================================================================
Received Import Request.
  Time since last request: 0.000037 seconds.
  path: Assets/tilemap/kenney_pixel-platformer/Tiles/tile_0061.png
  artifactKey: Guid(ecdc8c8739c1104498e3a0874db57c99) Importer(815301076,1909f56bfc062723c751e8b465ee728b)
Start importing Assets/tilemap/kenney_pixel-platformer/Tiles/tile_0061.png using Guid(ecdc8c8739c1104498e3a0874db57c99) Importer(815301076,1909f56bfc062723c751e8b465ee728b) [PhysX] Initialized MultithreadedTaskDispatcher with 20 workers.
[PhysX] Initialized MultithreadedTaskDispatcher with 20 workers.
 -> (artifact id: 'e5d98895f5a3b8a23906d55e58696600') in 0.033583 seconds
Number of updated asset objects reloaded before import = 0
Number of asset objects unloaded after import = 3
========================================================================
Received Import Request.
  Time since last request: 0.000434 seconds.
  path: Assets/tilemap/kenney_pixel-platformer/Tiles/tile_0058.png
  artifactKey: Guid(bae4e9fc6842e394bb036f6730713652) Importer(815301076,1909f56bfc062723c751e8b465ee728b)
Start importing Assets/tilemap/kenney_pixel-platformer/Tiles/tile_0058.png using Guid(bae4e9fc6842e394bb036f6730713652) Importer(815301076,1909f56bfc062723c751e8b465ee728b) [PhysX] Initialized MultithreadedTaskDispatcher with 20 workers.
[PhysX] Initialized MultithreadedTaskDispatcher with 20 workers.
 -> (artifact id: 'ba050a9f7ae990a666d57771fb14ca6e') in 0.038023 seconds
Number of updated asset objects reloaded before import = 0
Number of asset objects unloaded after import = 3
========================================================================
Received Import Request.
  Time since last request: 0.000041 seconds.
  path: Assets/tilemap/kenney_pixel-platformer/Tiles/tile_0063.png
  artifactKey: Guid(9785cea7e8cc0fe498a87638ea5dd5f7) Importer(815301076,1909f56bfc062723c751e8b465ee728b)
Start importing Assets/tilemap/kenney_pixel-platformer/Tiles/tile_0063.png using Guid(9785cea7e8cc0fe498a87638ea5dd5f7) Importer(815301076,1909f56bfc062723c751e8b465ee728b) [PhysX] Initialized MultithreadedTaskDispatcher with 20 workers.
[PhysX] Initialized MultithreadedTaskDispatcher with 20 workers.
 -> (artifact id: 'a4eac33a0671a84fedf69084df657e4b') in 0.043943 seconds
Number of updated asset objects reloaded before import = 0
Number of asset objects unloaded after import = 3
========================================================================
Received Import Request.
  Time since last request: 0.010756 seconds.
  path: Assets/tilemap/kenney_pixel-platformer/Tiles/tile_0067.png
  artifactKey: Guid(fec6e147fafef1047a4f1dac2f8e2595) Importer(815301076,1909f56bfc062723c751e8b465ee728b)
Start importing Assets/tilemap/kenney_pixel-platformer/Tiles/tile_0067.png using Guid(fec6e147fafef1047a4f1dac2f8e2595) Importer(815301076,1909f56bfc062723c751e8b465ee728b) [PhysX] Initialized MultithreadedTaskDispatcher with 20 workers.
[PhysX] Initialized MultithreadedTaskDispatcher with 20 workers.
 -> (artifact id: 'cf56817d9805839186d06aedba99f715') in 0.053485 seconds
Number of updated asset objects reloaded before import = 0
Number of asset objects unloaded after import = 3
========================================================================
Received Import Request.
  Time since last request: 0.000088 seconds.
  path: Assets/tilemap/kenney_pixel-platformer/Tiles/tile_0066.png
  artifactKey: Guid(4bb5a0121716219489f9e407c3853d61) Importer(815301076,1909f56bfc062723c751e8b465ee728b)
Start importing Assets/tilemap/kenney_pixel-platformer/Tiles/tile_0066.png using Guid(4bb5a0121716219489f9e407c3853d61) Importer(815301076,1909f56bfc062723c751e8b465ee728b) [PhysX] Initialized MultithreadedTaskDispatcher with 20 workers.
[PhysX] Initialized MultithreadedTaskDispatcher with 20 workers.
 -> (artifact id: '4c11d66e111c106296b8738eadb498f6') in 0.050182 seconds
Number of updated asset objects reloaded before import = 0
Number of asset objects unloaded after import = 3
========================================================================
Received Import Request.
  Time since last request: 0.000052 seconds.
  path: Assets/tilemap/kenney_pixel-platformer/Tiles/tile_0070.png
  artifactKey: Guid(10cf93c3f98db964a910a2afc068f414) Importer(815301076,1909f56bfc062723c751e8b465ee728b)
Start importing Assets/tilemap/kenney_pixel-platformer/Tiles/tile_0070.png using Guid(10cf93c3f98db964a910a2afc068f414) Importer(815301076,1909f56bfc062723c751e8b465ee728b) [PhysX] Initialized MultithreadedTaskDispatcher with 20 workers.
[PhysX] Initialized MultithreadedTaskDispatcher with 20 workers.
 -> (artifact id: '299bc312c4b1887c8287bbbeb0956700') in 0.040661 seconds
Number of updated asset objects reloaded before import = 0
Number of asset objects unloaded after import = 3
Editor requested this worker to shutdown with reason: Scaling down because of idle timeout
TcpMessagingSession - receive error: operation aborted. errorcode: 995, details: La operacin de E/S se anul por una salida de subproceso o por una solicitud de aplicacin.
AssetImportWorker is now disconnected from the server
Process exiting
Exiting without the bug reporter. Application will terminate with return code 0